<?xml version="1.0" encoding="UTF-8"?>
<coverage generated="1780035667464" clover="3.2.0">
  <project timestamp="1780035667464" name="All files">
    <metrics statements="411" coveredstatements="352" conditionals="355" coveredconditionals="303" methods="92" coveredmethods="76" elements="858" coveredelements="731" complexity="0" loc="411" ncloc="411" packages="3" files="24" classes="24"/>
    <package name="components">
      <metrics statements="26" coveredstatements="1" conditionals="17" coveredconditionals="0" methods="8" coveredmethods="1"/>
      <file name="Button.tsx" path="/Users/skypie/MutualMesh/src/components/Button.tsx">
        <metrics statements="14" coveredstatements="0" conditionals="13" coveredconditionals="0" methods="3" coveredmethods="0"/>
        <line num="20" count="0" type="stmt"/>
        <line num="21" count="0" type="stmt"/>
        <line num="38" count="0" type="cond" truecount="0" falsecount="2"/>
        <line num="39" count="0" type="cond" truecount="0" falsecount="4"/>
        <line num="41" count="0" type="stmt"/>
        <line num="43" count="0" type="stmt"/>
        <line num="45" count="0" type="stmt"/>
        <line num="47" count="0" type="stmt"/>
        <line num="52" count="0" type="cond" truecount="0" falsecount="2"/>
        <line num="53" count="0" type="cond" truecount="0" falsecount="4"/>
        <line num="55" count="0" type="stmt"/>
        <line num="57" count="0" type="stmt"/>
        <line num="59" count="0" type="stmt"/>
        <line num="61" count="0" type="stmt"/>
      </file>
      <file name="ErrorBoundary.tsx" path="/Users/skypie/MutualMesh/src/components/ErrorBoundary.tsx">
        <metrics statements="12" coveredstatements="1" conditionals="4" coveredconditionals="0" methods="5" coveredmethods="1"/>
        <line num="29" count="0" type="stmt"/>
        <line num="32" count="2" type="stmt"/>
        <line num="38" count="0" type="stmt"/>
        <line num="43" count="0" type="stmt"/>
        <line num="46" count="0" type="stmt"/>
        <line num="47" count="0" type="stmt"/>
        <line num="51" count="0" type="cond" truecount="0" falsecount="2"/>
        <line num="52" count="0" type="cond" truecount="0" falsecount="2"/>
        <line num="53" count="0" type="stmt"/>
        <line num="55" count="0" type="stmt"/>
        <line num="57" count="0" type="stmt"/>
        <line num="62" count="0" type="stmt"/>
      </file>
    </package>
    <package name="lib">
      <metrics statements="382" coveredstatements="348" conditionals="338" coveredconditionals="303" methods="84" coveredmethods="75"/>
      <file name="categories.ts" path="/Users/skypie/MutualMesh/src/lib/categories.ts">
        <metrics statements="11" coveredstatements="11" conditionals="4" coveredconditionals="4" methods="4" coveredmethods="4"/>
        <line num="39" count="2" type="stmt"/>
        <line num="52" count="2" type="stmt"/>
        <line num="64" count="2" type="stmt"/>
        <line num="82" count="32" type="stmt"/>
        <line num="106" count="15" type="cond" truecount="2" falsecount="0"/>
        <line num="107" count="10" type="stmt"/>
        <line num="127" count="8" type="stmt"/>
        <line num="128" count="8" type="cond" truecount="2" falsecount="0"/>
        <line num="129" count="3" type="stmt"/>
        <line num="131" count="5" type="stmt"/>
        <line num="134" count="40" type="stmt"/>
      </file>
      <file name="categoryStorage.ts" path="/Users/skypie/MutualMesh/src/lib/categoryStorage.ts">
        <metrics statements="23" coveredstatements="15" conditionals="12" coveredconditionals="10" methods="7" coveredmethods="4"/>
        <line num="38" count="0" type="stmt"/>
        <line num="39" count="0" type="cond" truecount="0" falsecount="2"/>
        <line num="42" count="1" type="stmt"/>
        <line num="52" count="16" type="cond" truecount="4" falsecount="0"/>
        <line num="54" count="15" type="stmt"/>
        <line num="55" count="15" type="stmt"/>
        <line num="57" count="3" type="stmt"/>
        <line num="59" count="12" type="cond" truecount="2" falsecount="0"/>
        <line num="60" count="9" type="stmt"/>
        <line num="61" count="9" type="stmt"/>
        <line num="62" count="28" type="cond" truecount="2" falsecount="0"/>
        <line num="63" count="23" type="cond" truecount="2" falsecount="0"/>
        <line num="64" count="22" type="stmt"/>
        <line num="68" count="45" type="stmt"/>
        <line num="79" count="8" type="stmt"/>
        <line num="80" count="40" type="stmt"/>
        <line num="81" count="8" type="stmt"/>
        <line num="89" count="0" type="stmt"/>
        <line num="90" count="0" type="stmt"/>
        <line num="91" count="0" type="stmt"/>
        <line num="93" count="0" type="stmt"/>
        <line num="103" count="0" type="stmt"/>
        <line num="104" count="0" type="stmt"/>
      </file>
      <file name="contactHandle.ts" path="/Users/skypie/MutualMesh/src/lib/contactHandle.ts">
        <metrics statements="19" coveredstatements="19" conditionals="19" coveredconditionals="19" methods="3" coveredmethods="3"/>
        <line num="15" count="1" type="stmt"/>
        <line num="23" count="1" type="stmt"/>
        <line num="38" count="18" type="stmt"/>
        <line num="39" count="18" type="cond" truecount="2" falsecount="0"/>
        <line num="40" count="16" type="cond" truecount="2" falsecount="0"/>
        <line num="41" count="1" type="stmt"/>
        <line num="43" count="15" type="cond" truecount="2" falsecount="0"/>
        <line num="44" count="11" type="stmt"/>
        <line num="46" count="4" type="stmt"/>
        <line num="54" count="3" type="cond" truecount="3" falsecount="0"/>
        <line num="56" count="1" type="stmt"/>
        <line num="58" count="1" type="stmt"/>
        <line num="60" count="1" type="stmt"/>
        <line num="74" count="12" type="stmt"/>
        <line num="75" count="12" type="cond" truecount="2" falsecount="0"/>
        <line num="76" count="10" type="cond" truecount="2" falsecount="0"/>
        <line num="77" count="7" type="cond" truecount="4" falsecount="0"/>
        <line num="78" count="5" type="cond" truecount="2" falsecount="0"/>
        <line num="79" count="2" type="stmt"/>
      </file>
      <file name="errorReporting.ts" path="/Users/skypie/MutualMesh/src/lib/errorReporting.ts">
        <metrics statements="54" coveredstatements="32" conditionals="55" coveredconditionals="34" methods="9" coveredmethods="4"/>
        <line num="43" count="2" type="stmt"/>
        <line num="46" count="2" type="stmt"/>
        <line num="49" count="2" type="stmt"/>
        <line num="50" count="2" type="stmt"/>
        <line num="66" count="0" type="stmt"/>
        <line num="67" count="0" type="cond" truecount="0" falsecount="2"/>
        <line num="80" count="2" type="stmt"/>
        <line num="81" count="2" type="stmt"/>
        <line num="82" count="2" type="stmt"/>
        <line num="83" count="2" type="stmt"/>
        <line num="99" count="2" type="stmt"/>
        <line num="207" count="38" type="cond" truecount="4" falsecount="0"/>
        <line num="208" count="35" type="stmt"/>
        <line num="209" count="35" type="stmt"/>
        <line num="213" count="245" type="stmt"/>
        <line num="214" count="245" type="stmt"/>
        <line num="216" count="35" type="stmt"/>
        <line num="229" count="6" type="cond" truecount="4" falsecount="0"/>
        <line num="230" count="4" type="stmt"/>
        <line num="241" count="0" type="cond" truecount="0" falsecount="3"/>
        <line num="245" count="0" type="stmt"/>
        <line num="262" count="5" type="stmt"/>
        <line num="263" count="5" type="cond" truecount="4" falsecount="0"/>
        <line num="264" count="4" type="stmt"/>
        <line num="265" count="4" type="cond" truecount="4" falsecount="0"/>
        <line num="266" count="2" type="stmt"/>
        <line num="268" count="2" type="stmt"/>
        <line num="280" count="0" type="stmt"/>
        <line num="281" count="0" type="stmt"/>
        <line num="282" count="0" type="cond" truecount="0" falsecount="2"/>
        <line num="283" count="0" type="stmt"/>
        <line num="285" count="0" type="stmt"/>
        <line num="295" count="0" type="stmt"/>
        <line num="296" count="0" type="cond" truecount="0" falsecount="2"/>
        <line num="312" count="6" type="cond" truecount="2" falsecount="0"/>
        <line num="313" count="1" type="stmt"/>
        <line num="318" count="5" type="cond" truecount="2" falsecount="0"/>
        <line num="319" count="1" type="stmt"/>
        <line num="321" count="4" type="cond" truecount="5" falsecount="0"/>
        <line num="322" count="2" type="stmt"/>
        <line num="323" count="2" type="stmt"/>
        <line num="324" count="2" type="stmt"/>
        <line num="329" count="2" type="cond" truecount="2" falsecount="0"/>
        <line num="351" count="0" type="stmt"/>
        <line num="352" count="0" type="stmt"/>
        <line num="353" count="0" type="cond" truecount="0" falsecount="2"/>
        <line num="355" count="0" type="stmt"/>
        <line num="356" count="0" type="cond" truecount="0" falsecount="2"/>
        <line num="358" count="0" type="stmt"/>
        <line num="363" count="0" type="stmt"/>
        <line num="364" count="0" type="stmt"/>
        <line num="366" count="0" type="stmt"/>
        <line num="374" count="0" type="cond" truecount="0" falsecount="2"/>
        <line num="380" count="0" type="stmt"/>
      </file>
      <file name="errors.ts" path="/Users/skypie/MutualMesh/src/lib/errors.ts">
        <metrics statements="8" coveredstatements="8" conditionals="13" coveredconditionals="13" methods="2" coveredmethods="2"/>
        <line num="10" count="27" type="cond" truecount="2" falsecount="0"/>
        <line num="11" count="13" type="cond" truecount="2" falsecount="0"/>
        <line num="12" count="12" type="cond" truecount="6" falsecount="0"/>
        <line num="13" count="1" type="stmt"/>
        <line num="15" count="11" type="stmt"/>
        <line num="23" count="13" type="stmt"/>
        <line num="25" count="13" type="cond" truecount="2" falsecount="0"/>
        <line num="26" count="2" type="stmt"/>
      </file>
      <file name="fsaAggregation.ts" path="/Users/skypie/MutualMesh/src/lib/fsaAggregation.ts">
        <metrics statements="53" coveredstatements="52" conditionals="48" coveredconditionals="45" methods="9" coveredmethods="9"/>
        <line num="55" count="31" type="cond" truecount="4" falsecount="0"/>
        <line num="56" count="26" type="cond" truecount="2" falsecount="0"/>
        <line num="57" count="16" type="cond" truecount="2" falsecount="0"/>
        <line num="58" count="9" type="stmt"/>
        <line num="68" count="1" type="stmt"/>
        <line num="118" count="1" type="stmt"/>
        <line num="137" count="533" type="stmt"/>
        <line num="138" count="533" type="cond" truecount="2" falsecount="0"/>
        <line num="139" count="532" type="stmt"/>
        <line num="140" count="532" type="cond" truecount="2" falsecount="0"/>
        <line num="141" count="529" type="stmt"/>
        <line num="155" count="529" type="stmt"/>
        <line num="156" count="529" type="cond" truecount="1" falsecount="1"/>
        <line num="157" count="529" type="cond" truecount="1" falsecount="1"/>
        <line num="158" count="529" type="stmt"/>
        <line num="161" count="0" type="stmt"/>
        <line num="172" count="18" type="stmt"/>
        <line num="173" count="18" type="stmt"/>
        <line num="174" count="18" type="stmt"/>
        <line num="175" count="90" type="cond" truecount="2" falsecount="0"/>
        <line num="176" count="90" type="cond" truecount="2" falsecount="0"/>
        <line num="177" count="34" type="stmt"/>
        <line num="178" count="34" type="stmt"/>
        <line num="181" count="18" type="stmt"/>
        <line num="205" count="15" type="cond" truecount="4" falsecount="0"/>
        <line num="213" count="12" type="stmt"/>
        <line num="215" count="12" type="stmt"/>
        <line num="216" count="535" type="cond" truecount="2" falsecount="0"/>
        <line num="217" count="533" type="stmt"/>
        <line num="218" count="533" type="cond" truecount="2" falsecount="0"/>
        <line num="220" count="529" type="stmt"/>
        <line num="221" count="529" type="cond" truecount="2" falsecount="0"/>
        <line num="226" count="529" type="stmt"/>
        <line num="227" count="529" type="cond" truecount="2" falsecount="0"/>
        <line num="228" count="529" type="cond" truecount="4" falsecount="0"/>
        <line num="229" count="527" type="stmt"/>
        <line num="231" count="529" type="stmt"/>
        <line num="234" count="12" type="stmt"/>
        <line num="235" count="12" type="stmt"/>
        <line num="236" count="18" type="stmt"/>
        <line num="238" count="90" type="cond" truecount="2" falsecount="0"/>
        <line num="241" count="18" type="stmt"/>
        <line num="242" count="18" type="cond" truecount="3" falsecount="1"/>
        <line num="244" count="18" type="stmt"/>
        <line num="255" count="12" type="stmt"/>
        <line num="256" count="12" type="stmt"/>
        <line num="273" count="2" type="stmt"/>
        <line num="274" count="2" type="cond" truecount="2" falsecount="0"/>
        <line num="275" count="2" type="stmt"/>
        <line num="292" count="4" type="stmt"/>
        <line num="293" count="4" type="cond" truecount="2" falsecount="0"/>
        <line num="294" count="3" type="cond" truecount="2" falsecount="0"/>
        <line num="295" count="1" type="stmt"/>
      </file>
      <file name="handleGenerator.ts" path="/Users/skypie/MutualMesh/src/lib/handleGenerator.ts">
        <metrics statements="13" coveredstatements="13" conditionals="3" coveredconditionals="2" methods="4" coveredmethods="4"/>
        <line num="25" count="1" type="stmt"/>
        <line num="187" count="1" type="stmt"/>
        <line num="345" count="472" type="stmt"/>
        <line num="346" count="472" type="stmt"/>
        <line num="350" count="944" type="stmt"/>
        <line num="352" count="944" type="stmt"/>
        <line num="353" count="944" type="cond" truecount="1" falsecount="1"/>
        <line num="354" count="944" type="stmt"/>
        <line num="364" count="472" type="stmt"/>
        <line num="372" count="6" type="stmt"/>
        <line num="373" count="6" type="stmt"/>
        <line num="374" count="22" type="stmt"/>
        <line num="376" count="6" type="stmt"/>
      </file>
      <file name="handleValidator.ts" path="/Users/skypie/MutualMesh/src/lib/handleValidator.ts">
        <metrics statements="24" coveredstatements="24" conditionals="21" coveredconditionals="21" methods="4" coveredmethods="4"/>
        <line num="19" count="1" type="stmt"/>
        <line num="20" count="1" type="stmt"/>
        <line num="25" count="1" type="stmt"/>
        <line num="29" count="1" type="stmt"/>
        <line num="58" count="1" type="stmt"/>
        <line num="165" count="39" type="stmt"/>
        <line num="167" count="39" type="cond" truecount="2" falsecount="0"/>
        <line num="168" count="37" type="cond" truecount="2" falsecount="0"/>
        <line num="169" count="36" type="cond" truecount="2" falsecount="0"/>
        <line num="170" count="35" type="cond" truecount="2" falsecount="0"/>
        <line num="171" count="29" type="cond" truecount="2" falsecount="0"/>
        <line num="175" count="18" type="cond" truecount="2" falsecount="0"/>
        <line num="176" count="6" type="stmt"/>
        <line num="179" count="12" type="stmt"/>
        <line num="187" count="29" type="stmt"/>
        <line num="189" count="29" type="cond" truecount="4" falsecount="0"/>
        <line num="190" count="20" type="stmt"/>
        <line num="197" count="5" type="cond" truecount="5" falsecount="0"/>
        <line num="199" count="1" type="stmt"/>
        <line num="201" count="1" type="stmt"/>
        <line num="203" count="1" type="stmt"/>
        <line num="205" count="1" type="stmt"/>
        <line num="207" count="1" type="stmt"/>
        <line num="215" count="1" type="stmt"/>
      </file>
      <file name="i18n.ts" path="/Users/skypie/MutualMesh/src/lib/i18n.ts">
        <metrics statements="26" coveredstatements="25" conditionals="23" coveredconditionals="20" methods="4" coveredmethods="4"/>
        <line num="26" count="1" type="stmt"/>
        <line num="29" count="1" type="stmt"/>
        <line num="36" count="1" type="stmt"/>
        <line num="56" count="1" type="stmt"/>
        <line num="69" count="3" type="cond" truecount="1" falsecount="1"/>
        <line num="97" count="22" type="cond" truecount="4" falsecount="0"/>
        <line num="98" count="3" type="stmt"/>
        <line num="102" count="19" type="cond" truecount="2" falsecount="0"/>
        <line num="103" count="15" type="stmt"/>
        <line num="104" count="15" type="cond" truecount="4" falsecount="0"/>
        <line num="105" count="10" type="stmt"/>
        <line num="110" count="9" type="stmt"/>
        <line num="127" count="8" type="stmt"/>
        <line num="128" count="8" type="stmt"/>
        <line num="129" count="551" type="cond" truecount="4" falsecount="0"/>
        <line num="130" count="4" type="stmt"/>
        <line num="133" count="8" type="stmt"/>
        <line num="143" count="1" type="stmt"/>
        <line num="144" count="1" type="stmt"/>
        <line num="145" count="1" type="stmt"/>
        <line num="146" count="3" type="cond" truecount="2" falsecount="0"/>
        <line num="147" count="2" type="cond" truecount="1" falsecount="1"/>
        <line num="148" count="2" type="cond" truecount="1" falsecount="1"/>
        <line num="149" count="0" type="stmt"/>
        <line num="152" count="1" type="stmt"/>
        <line num="163" count="1" type="stmt"/>
      </file>
      <file name="mapHelpers.ts" path="/Users/skypie/MutualMesh/src/lib/mapHelpers.ts">
        <metrics statements="31" coveredstatements="31" conditionals="23" coveredconditionals="21" methods="3" coveredmethods="3"/>
        <line num="43" count="1" type="stmt"/>
        <line num="58" count="1" type="stmt"/>
        <line num="65" count="1" type="stmt"/>
        <line num="74" count="1" type="stmt"/>
        <line num="87" count="5" type="cond" truecount="4" falsecount="0"/>
        <line num="88" count="1" type="stmt"/>
        <line num="90" count="4" type="stmt"/>
        <line num="118" count="6" type="cond" truecount="2" falsecount="0"/>
        <line num="120" count="5" type="stmt"/>
        <line num="121" count="5" type="stmt"/>
        <line num="122" count="7" type="stmt"/>
        <line num="123" count="7" type="cond" truecount="2" falsecount="0"/>
        <line num="126" count="5" type="cond" truecount="2" falsecount="0"/>
        <line num="128" count="4" type="stmt"/>
        <line num="129" count="4" type="stmt"/>
        <line num="130" count="4" type="stmt"/>
        <line num="131" count="4" type="stmt"/>
        <line num="133" count="4" type="stmt"/>
        <line num="134" count="5" type="cond" truecount="1" falsecount="1"/>
        <line num="135" count="5" type="cond" truecount="2" falsecount="0"/>
        <line num="136" count="5" type="cond" truecount="1" falsecount="1"/>
        <line num="137" count="5" type="cond" truecount="2" falsecount="0"/>
        <line num="140" count="4" type="stmt"/>
        <line num="141" count="4" type="stmt"/>
        <line num="143" count="4" type="stmt"/>
        <line num="156" count="5" type="stmt"/>
        <line num="175" count="1" type="stmt"/>
        <line num="207" count="1" type="stmt"/>
        <line num="217" count="1" type="stmt"/>
        <line num="227" count="1" type="stmt"/>
        <line num="228" count="1" type="stmt"/>
      </file>
      <file name="onboardingCopy.ts" path="/Users/skypie/MutualMesh/src/lib/onboardingCopy.ts">
        <metrics statements="2" coveredstatements="2" conditionals="0" coveredconditionals="0" methods="0" coveredmethods="0"/>
        <line num="42" count="1" type="stmt"/>
        <line num="70" count="1" type="stmt"/>
      </file>
      <file name="pickupConfirm.ts" path="/Users/skypie/MutualMesh/src/lib/pickupConfirm.ts">
        <metrics statements="12" coveredstatements="11" conditionals="18" coveredconditionals="17" methods="3" coveredmethods="3"/>
        <line num="33" count="20" type="cond" truecount="2" falsecount="0"/>
        <line num="34" count="9" type="cond" truecount="2" falsecount="0"/>
        <line num="35" count="5" type="cond" truecount="4" falsecount="0"/>
        <line num="36" count="3" type="stmt"/>
        <line num="55" count="8" type="cond" truecount="2" falsecount="0"/>
        <line num="56" count="3" type="cond" truecount="4" falsecount="0"/>
        <line num="57" count="2" type="stmt"/>
        <line num="59" count="1" type="cond" truecount="1" falsecount="1"/>
        <line num="60" count="0" type="stmt"/>
        <line num="70" count="2" type="cond" truecount="2" falsecount="0"/>
        <line num="71" count="1" type="stmt"/>
        <line num="73" count="1" type="stmt"/>
      </file>
      <file name="policyText.ts" path="/Users/skypie/MutualMesh/src/lib/policyText.ts">
        <metrics statements="2" coveredstatements="2" conditionals="0" coveredconditionals="0" methods="0" coveredmethods="0"/>
        <line num="27" count="1" type="stmt"/>
        <line num="125" count="1" type="stmt"/>
      </file>
      <file name="pushPreferences.ts" path="/Users/skypie/MutualMesh/src/lib/pushPreferences.ts">
        <metrics statements="20" coveredstatements="20" conditionals="18" coveredconditionals="18" methods="4" coveredmethods="4"/>
        <line num="29" count="1" type="stmt"/>
        <line num="41" count="1" type="stmt"/>
        <line num="54" count="1" type="stmt"/>
        <line num="65" count="1" type="stmt"/>
        <line num="89" count="8" type="cond" truecount="2" falsecount="0"/>
        <line num="90" count="8" type="cond" truecount="2" falsecount="0"/>
        <line num="92" count="6" type="stmt"/>
        <line num="100" count="6" type="cond" truecount="2" falsecount="0"/>
        <line num="101" count="3" type="stmt"/>
        <line num="102" count="3" type="stmt"/>
        <line num="103" count="3" type="stmt"/>
        <line num="104" count="3" type="stmt"/>
        <line num="107" count="6" type="stmt"/>
        <line num="120" count="7" type="cond" truecount="2" falsecount="0"/>
        <line num="121" count="7" type="cond" truecount="2" falsecount="0"/>
        <line num="122" count="3" type="cond" truecount="4" falsecount="0"/>
        <line num="134" count="17" type="cond" truecount="2" falsecount="0"/>
        <line num="135" count="17" type="cond" truecount="2" falsecount="0"/>
        <line num="136" count="5" type="stmt"/>
        <line num="145" count="3" type="stmt"/>
      </file>
      <file name="resourcesRealtime.ts" path="/Users/skypie/MutualMesh/src/lib/resourcesRealtime.ts">
        <metrics statements="20" coveredstatements="20" conditionals="15" coveredconditionals="15" methods="11" coveredmethods="11"/>
        <line num="48" count="10" type="cond" truecount="3" falsecount="0"/>
        <line num="50" count="4" type="cond" truecount="2" falsecount="0"/>
        <line num="51" count="3" type="stmt"/>
        <line num="53" count="3" type="stmt"/>
        <line num="54" count="3" type="stmt"/>
        <line num="55" count="5" type="cond" truecount="2" falsecount="0"/>
        <line num="56" count="2" type="stmt"/>
        <line num="57" count="2" type="stmt"/>
        <line num="59" count="3" type="stmt"/>
        <line num="61" count="3" type="cond" truecount="2" falsecount="0"/>
        <line num="64" count="6" type="stmt"/>
        <line num="65" count="3" type="cond" truecount="2" falsecount="0"/>
        <line num="79" count="4" type="stmt"/>
        <line num="82" count="1" type="stmt"/>
        <line num="88" count="11" type="stmt"/>
        <line num="99" count="6" type="stmt"/>
        <line num="100" count="14" type="cond" truecount="2" falsecount="0"/>
        <line num="101" count="11" type="stmt"/>
        <line num="102" count="11" type="cond" truecount="2" falsecount="0"/>
        <line num="104" count="7" type="stmt"/>
      </file>
      <file name="theme.ts" path="/Users/skypie/MutualMesh/src/lib/theme.ts">
        <metrics statements="7" coveredstatements="6" conditionals="0" coveredconditionals="0" methods="1" coveredmethods="0"/>
        <line num="15" count="1" type="stmt"/>
        <line num="46" count="1" type="stmt"/>
        <line num="52" count="1" type="stmt"/>
        <line num="61" count="1" type="stmt"/>
        <line num="73" count="1" type="stmt"/>
        <line num="80" count="1" type="stmt"/>
        <line num="86" count="0" type="stmt"/>
      </file>
      <file name="typedConfirmation.ts" path="/Users/skypie/MutualMesh/src/lib/typedConfirmation.ts">
        <metrics statements="4" coveredstatements="4" conditionals="4" coveredconditionals="4" methods="2" coveredmethods="2"/>
        <line num="48" count="18" type="cond" truecount="1" falsecount="0"/>
        <line num="49" count="18" type="cond" truecount="2" falsecount="0"/>
        <line num="50" count="4" type="stmt"/>
        <line num="59" count="3" type="stmt"/>
      </file>
      <file name="verification.ts" path="/Users/skypie/MutualMesh/src/lib/verification.ts">
        <metrics statements="16" coveredstatements="16" conditionals="20" coveredconditionals="20" methods="4" coveredmethods="4"/>
        <line num="54" count="12" type="cond" truecount="2" falsecount="0"/>
        <line num="55" count="8" type="cond" truecount="2" falsecount="0"/>
        <line num="56" count="6" type="stmt"/>
        <line num="64" count="4" type="stmt"/>
        <line num="65" count="4" type="cond" truecount="2" falsecount="0"/>
        <line num="66" count="3" type="cond" truecount="2" falsecount="0"/>
        <line num="67" count="2" type="cond" truecount="2" falsecount="0"/>
        <line num="68" count="1" type="stmt"/>
        <line num="70" count="1" type="stmt"/>
        <line num="98" count="11" type="stmt"/>
        <line num="111" count="15" type="cond" truecount="2" falsecount="0"/>
        <line num="112" count="11" type="cond" truecount="2" falsecount="0"/>
        <line num="113" count="10" type="cond" truecount="2" falsecount="0"/>
        <line num="114" count="9" type="cond" truecount="2" falsecount="0"/>
        <line num="115" count="7" type="cond" truecount="2" falsecount="0"/>
        <line num="116" count="2" type="stmt"/>
      </file>
      <file name="verificationQueue.ts" path="/Users/skypie/MutualMesh/src/lib/verificationQueue.ts">
        <metrics statements="37" coveredstatements="37" conditionals="42" coveredconditionals="40" methods="10" coveredmethods="10"/>
        <line num="39" count="1" type="stmt"/>
        <line num="78" count="19" type="stmt"/>
        <line num="89" count="5" type="stmt"/>
        <line num="129" count="14" type="cond" truecount="3" falsecount="0"/>
        <line num="132" count="6" type="cond" truecount="2" falsecount="0"/>
        <line num="133" count="5" type="cond" truecount="4" falsecount="0"/>
        <line num="134" count="1" type="stmt"/>
        <line num="136" count="4" type="cond" truecount="2" falsecount="0"/>
        <line num="137" count="3" type="stmt"/>
        <line num="140" count="5" type="stmt"/>
        <line num="142" count="5" type="cond" truecount="2" falsecount="0"/>
        <line num="145" count="5" type="cond" truecount="4" falsecount="0"/>
        <line num="146" count="5" type="stmt"/>
        <line num="147" count="3" type="cond" truecount="1" falsecount="1"/>
        <line num="150" count="2" type="stmt"/>
        <line num="151" count="2" type="stmt"/>
        <line num="152" count="2" type="cond" truecount="2" falsecount="0"/>
        <line num="153" count="1" type="stmt"/>
        <line num="154" count="1" type="stmt"/>
        <line num="156" count="1" type="stmt"/>
        <line num="158" count="2" type="cond" truecount="2" falsecount="0"/>
        <line num="160" count="1" type="stmt"/>
        <line num="163" count="4" type="stmt"/>
        <line num="164" count="3" type="cond" truecount="2" falsecount="0"/>
        <line num="199" count="4" type="stmt"/>
        <line num="220" count="7" type="stmt"/>
        <line num="221" count="7" type="cond" truecount="2" falsecount="0"/>
        <line num="222" count="6" type="stmt"/>
        <line num="223" count="6" type="stmt"/>
        <line num="224" count="6" type="cond" truecount="2" falsecount="0"/>
        <line num="225" count="4" type="stmt"/>
        <line num="226" count="4" type="cond" truecount="2" falsecount="0"/>
        <line num="227" count="3" type="stmt"/>
        <line num="228" count="3" type="cond" truecount="2" falsecount="0"/>
        <line num="229" count="2" type="stmt"/>
        <line num="230" count="2" type="cond" truecount="2" falsecount="0"/>
        <line num="232" count="1" type="stmt"/>
      </file>
    </package>
    <package name="lib.messages">
      <metrics statements="3" coveredstatements="3" conditionals="0" coveredconditionals="0" methods="0" coveredmethods="0"/>
      <file name="en.ts" path="/Users/skypie/MutualMesh/src/lib/messages/en.ts">
        <metrics statements="1" coveredstatements="1" conditionals="0" coveredconditionals="0" methods="0" coveredmethods="0"/>
        <line num="18" count="1" type="stmt"/>
      </file>
      <file name="es.ts" path="/Users/skypie/MutualMesh/src/lib/messages/es.ts">
        <metrics statements="1" coveredstatements="1" conditionals="0" coveredconditionals="0" methods="0" coveredmethods="0"/>
        <line num="15" count="1" type="stmt"/>
      </file>
      <file name="fr.ts" path="/Users/skypie/MutualMesh/src/lib/messages/fr.ts">
        <metrics statements="1" coveredstatements="1" conditionals="0" coveredconditionals="0" methods="0" coveredmethods="0"/>
        <line num="15" count="1" type="stmt"/>
      </file>
    </package>
  </project>
</coverage>
