{"/Users/skypie/MutualMesh/src/components/Button.tsx": {"path":"/Users/skypie/MutualMesh/src/components/Button.tsx","statementMap":{"0":{"start":{"line":20,"column":25},"end":{"line":20,"column":62}},"1":{"start":{"line":21,"column":2},"end":{"line":34,"column":4}},"2":{"start":{"line":38,"column":2},"end":{"line":38,"column":61}},"3":{"start":{"line":38,"column":16},"end":{"line":38,"column":61}},"4":{"start":{"line":39,"column":2},"end":{"line":48,"column":3}},"5":{"start":{"line":41,"column":6},"end":{"line":41,"column":69}},"6":{"start":{"line":43,"column":6},"end":{"line":43,"column":98}},"7":{"start":{"line":45,"column":6},"end":{"line":45,"column":33}},"8":{"start":{"line":47,"column":6},"end":{"line":47,"column":69}},"9":{"start":{"line":52,"column":2},"end":{"line":52,"column":73}},"10":{"start":{"line":52,"column":16},"end":{"line":52,"column":73}},"11":{"start":{"line":53,"column":2},"end":{"line":62,"column":3}},"12":{"start":{"line":55,"column":6},"end":{"line":55,"column":65}},"13":{"start":{"line":57,"column":6},"end":{"line":57,"column":51}},"14":{"start":{"line":59,"column":6},"end":{"line":59,"column":55}},"15":{"start":{"line":61,"column":6},"end":{"line":61,"column":65}}},"fnMap":{"0":{"name":"Button","decl":{"start":{"line":19,"column":16},"end":{"line":19,"column":22}},"loc":{"start":{"line":19,"column":93},"end":{"line":35,"column":1}},"line":19},"1":{"name":"variantToClasses","decl":{"start":{"line":37,"column":9},"end":{"line":37,"column":25}},"loc":{"start":{"line":37,"column":77},"end":{"line":49,"column":1}},"line":37},"2":{"name":"labelClass","decl":{"start":{"line":51,"column":9},"end":{"line":51,"column":19}},"loc":{"start":{"line":51,"column":71},"end":{"line":63,"column":1}},"line":51}},"branchMap":{"0":{"loc":{"start":{"line":19,"column":32},"end":{"line":19,"column":51}},"type":"default-arg","locations":[{"start":{"line":19,"column":42},"end":{"line":19,"column":51}}],"line":19},"1":{"loc":{"start":{"line":38,"column":2},"end":{"line":38,"column":61}},"type":"if","locations":[{"start":{"line":38,"column":2},"end":{"line":38,"column":61}},{"start":{},"end":{}}],"line":38},"2":{"loc":{"start":{"line":39,"column":2},"end":{"line":48,"column":3}},"type":"switch","locations":[{"start":{"line":40,"column":4},"end":{"line":41,"column":69}},{"start":{"line":42,"column":4},"end":{"line":43,"column":98}},{"start":{"line":44,"column":4},"end":{"line":45,"column":33}},{"start":{"line":46,"column":4},"end":{"line":47,"column":69}}],"line":39},"3":{"loc":{"start":{"line":52,"column":2},"end":{"line":52,"column":73}},"type":"if","locations":[{"start":{"line":52,"column":2},"end":{"line":52,"column":73}},{"start":{},"end":{}}],"line":52},"4":{"loc":{"start":{"line":53,"column":2},"end":{"line":62,"column":3}},"type":"switch","locations":[{"start":{"line":54,"column":4},"end":{"line":55,"column":65}},{"start":{"line":56,"column":4},"end":{"line":57,"column":51}},{"start":{"line":58,"column":4},"end":{"line":59,"column":55}},{"start":{"line":60,"column":4},"end":{"line":61,"column":65}}],"line":53}},"s":{"0":0,"1":0,"2":0,"3":0,"4":0,"5":0,"6":0,"7":0,"8":0,"9":0,"10":0,"11":0,"12":0,"13":0,"14":0,"15":0},"f":{"0":0,"1":0,"2":0},"b":{"0":[0],"1":[0,0],"2":[0,0,0,0],"3":[0,0],"4":[0,0,0,0]},"_coverageSchema":"1a1c01bbd47fc00a2c39e90264f33305004495a9","hash":"d23187fb2b0be6685d8e1bc4b99947e9b6404c51"}
,"/Users/skypie/MutualMesh/src/components/ErrorBoundary.tsx": {"path":"/Users/skypie/MutualMesh/src/components/ErrorBoundary.tsx","statementMap":{"0":{"start":{"line":29,"column":17},"end":{"line":29,"column":32}},"1":{"start":{"line":32,"column":4},"end":{"line":32,"column":21}},"2":{"start":{"line":38,"column":4},"end":{"line":38,"column":64}},"3":{"start":{"line":43,"column":4},"end":{"line":43,"column":34}},"4":{"start":{"line":46,"column":10},"end":{"line":48,"column":3}},"5":{"start":{"line":47,"column":4},"end":{"line":47,"column":35}},"6":{"start":{"line":51,"column":4},"end":{"line":56,"column":5}},"7":{"start":{"line":52,"column":6},"end":{"line":54,"column":7}},"8":{"start":{"line":53,"column":8},"end":{"line":53,"column":65}},"9":{"start":{"line":55,"column":6},"end":{"line":55,"column":77}},"10":{"start":{"line":57,"column":4},"end":{"line":57,"column":31}},"11":{"start":{"line":62,"column":2},"end":{"line":77,"column":4}}},"fnMap":{"0":{"name":"(anonymous_0)","decl":{"start":{"line":31,"column":2},"end":{"line":31,"column":3}},"loc":{"start":{"line":31,"column":55},"end":{"line":33,"column":3}},"line":31},"1":{"name":"(anonymous_1)","decl":{"start":{"line":35,"column":2},"end":{"line":35,"column":3}},"loc":{"start":{"line":35,"column":51},"end":{"line":44,"column":3}},"line":35},"2":{"name":"(anonymous_2)","decl":{"start":{"line":46,"column":10},"end":{"line":46,"column":11}},"loc":{"start":{"line":46,"column":16},"end":{"line":48,"column":3}},"line":46},"3":{"name":"(anonymous_3)","decl":{"start":{"line":50,"column":2},"end":{"line":50,"column":3}},"loc":{"start":{"line":50,"column":11},"end":{"line":58,"column":3}},"line":50},"4":{"name":"DefaultFallback","decl":{"start":{"line":61,"column":9},"end":{"line":61,"column":24}},"loc":{"start":{"line":61,"column":80},"end":{"line":78,"column":1}},"line":61}},"branchMap":{"0":{"loc":{"start":{"line":51,"column":4},"end":{"line":56,"column":5}},"type":"if","locations":[{"start":{"line":51,"column":4},"end":{"line":56,"column":5}},{"start":{},"end":{}}],"line":51},"1":{"loc":{"start":{"line":52,"column":6},"end":{"line":54,"column":7}},"type":"if","locations":[{"start":{"line":52,"column":6},"end":{"line":54,"column":7}},{"start":{},"end":{}}],"line":52}},"s":{"0":0,"1":2,"2":0,"3":0,"4":0,"5":0,"6":0,"7":0,"8":0,"9":0,"10":0,"11":0},"f":{"0":2,"1":0,"2":0,"3":0,"4":0},"b":{"0":[0,0],"1":[0,0]},"_coverageSchema":"1a1c01bbd47fc00a2c39e90264f33305004495a9","hash":"6daf68baed7a2d0abd052d197ff26d3a01ef8539"}
,"/Users/skypie/MutualMesh/src/lib/categories.ts": {"path":"/Users/skypie/MutualMesh/src/lib/categories.ts","statementMap":{"0":{"start":{"line":39,"column":60},"end":{"line":45,"column":10}},"1":{"start":{"line":52,"column":65},"end":{"line":58,"column":1}},"2":{"start":{"line":64,"column":71},"end":{"line":70,"column":1}},"3":{"start":{"line":82,"column":2},"end":{"line":82,"column":64}},"4":{"start":{"line":106,"column":2},"end":{"line":106,"column":46}},"5":{"start":{"line":106,"column":34},"end":{"line":106,"column":46}},"6":{"start":{"line":107,"column":2},"end":{"line":107,"column":50}},"7":{"start":{"line":127,"column":14},"end":{"line":127,"column":48}},"8":{"start":{"line":128,"column":2},"end":{"line":132,"column":3}},"9":{"start":{"line":129,"column":4},"end":{"line":129,"column":25}},"10":{"start":{"line":131,"column":4},"end":{"line":131,"column":22}},"11":{"start":{"line":134,"column":2},"end":{"line":134,"column":51}},"12":{"start":{"line":134,"column":39},"end":{"line":134,"column":49}}},"fnMap":{"0":{"name":"validateCategory","decl":{"start":{"line":81,"column":16},"end":{"line":81,"column":32}},"loc":{"start":{"line":81,"column":75},"end":{"line":83,"column":1}},"line":81},"1":{"name":"matchesActiveFilter","decl":{"start":{"line":102,"column":16},"end":{"line":102,"column":35}},"loc":{"start":{"line":105,"column":11},"end":{"line":108,"column":1}},"line":105},"2":{"name":"toggleCategoryInFilter","decl":{"start":{"line":123,"column":16},"end":{"line":123,"column":38}},"loc":{"start":{"line":126,"column":22},"end":{"line":135,"column":1}},"line":126},"3":{"name":"(anonymous_3)","decl":{"start":{"line":134,"column":32},"end":{"line":134,"column":33}},"loc":{"start":{"line":134,"column":39},"end":{"line":134,"column":49}},"line":134}},"branchMap":{"0":{"loc":{"start":{"line":106,"column":2},"end":{"line":106,"column":46}},"type":"if","locations":[{"start":{"line":106,"column":2},"end":{"line":106,"column":46}},{"start":{},"end":{}}],"line":106},"1":{"loc":{"start":{"line":128,"column":2},"end":{"line":132,"column":3}},"type":"if","locations":[{"start":{"line":128,"column":2},"end":{"line":132,"column":3}},{"start":{"line":130,"column":9},"end":{"line":132,"column":3}}],"line":128}},"s":{"0":2,"1":2,"2":2,"3":32,"4":15,"5":5,"6":10,"7":8,"8":8,"9":3,"10":5,"11":8,"12":40},"f":{"0":32,"1":15,"2":8,"3":40},"b":{"0":[5,10],"1":[3,5]},"_coverageSchema":"1a1c01bbd47fc00a2c39e90264f33305004495a9","hash":"d974303c9211035e61befb1144f9ce4db623e676"}
,"/Users/skypie/MutualMesh/src/lib/categoryStorage.ts": {"path":"/Users/skypie/MutualMesh/src/lib/categoryStorage.ts","statementMap":{"0":{"start":{"line":38,"column":14},"end":{"line":38,"column":66}},"1":{"start":{"line":39,"column":2},"end":{"line":39,"column":50}},"2":{"start":{"line":42,"column":34},"end":{"line":42,"column":65}},"3":{"start":{"line":52,"column":2},"end":{"line":52,"column":65}},"4":{"start":{"line":52,"column":55},"end":{"line":52,"column":65}},"5":{"start":{"line":54,"column":2},"end":{"line":58,"column":3}},"6":{"start":{"line":55,"column":4},"end":{"line":55,"column":36}},"7":{"start":{"line":57,"column":4},"end":{"line":57,"column":14}},"8":{"start":{"line":59,"column":2},"end":{"line":59,"column":40}},"9":{"start":{"line":59,"column":30},"end":{"line":59,"column":40}},"10":{"start":{"line":60,"column":15},"end":{"line":60,"column":42}},"11":{"start":{"line":61,"column":2},"end":{"line":66,"column":3}},"12":{"start":{"line":62,"column":4},"end":{"line":62,"column":44}},"13":{"start":{"line":62,"column":35},"end":{"line":62,"column":44}},"14":{"start":{"line":63,"column":4},"end":{"line":65,"column":5}},"15":{"start":{"line":64,"column":6},"end":{"line":64,"column":22}},"16":{"start":{"line":68,"column":2},"end":{"line":68,"column":52}},"17":{"start":{"line":68,"column":39},"end":{"line":68,"column":50}},"18":{"start":{"line":79,"column":15},"end":{"line":79,"column":48}},"19":{"start":{"line":80,"column":17},"end":{"line":80,"column":59}},"20":{"start":{"line":80,"column":47},"end":{"line":80,"column":58}},"21":{"start":{"line":81,"column":2},"end":{"line":81,"column":32}},"22":{"start":{"line":89,"column":2},"end":{"line":94,"column":3}},"23":{"start":{"line":90,"column":16},"end":{"line":90,"column":62}},"24":{"start":{"line":91,"column":4},"end":{"line":91,"column":34}},"25":{"start":{"line":93,"column":4},"end":{"line":93,"column":14}},"26":{"start":{"line":103,"column":2},"end":{"line":107,"column":3}},"27":{"start":{"line":104,"column":4},"end":{"line":104,"column":76}}},"fnMap":{"0":{"name":"getStorage","decl":{"start":{"line":36,"column":9},"end":{"line":36,"column":19}},"loc":{"start":{"line":36,"column":40},"end":{"line":40,"column":1}},"line":36},"1":{"name":"parseStoredFilter","decl":{"start":{"line":51,"column":16},"end":{"line":51,"column":33}},"loc":{"start":{"line":51,"column":81},"end":{"line":69,"column":1}},"line":51},"2":{"name":"(anonymous_2)","decl":{"start":{"line":68,"column":32},"end":{"line":68,"column":33}},"loc":{"start":{"line":68,"column":39},"end":{"line":68,"column":50}},"line":68},"3":{"name":"serializeFilter","decl":{"start":{"line":78,"column":16},"end":{"line":78,"column":31}},"loc":{"start":{"line":78,"column":77},"end":{"line":82,"column":1}},"line":78},"4":{"name":"(anonymous_4)","decl":{"start":{"line":80,"column":40},"end":{"line":80,"column":41}},"loc":{"start":{"line":80,"column":47},"end":{"line":80,"column":58}},"line":80},"5":{"name":"loadFilterFromStorage","decl":{"start":{"line":88,"column":22},"end":{"line":88,"column":43}},"loc":{"start":{"line":88,"column":75},"end":{"line":95,"column":1}},"line":88},"6":{"name":"saveFilterToStorage","decl":{"start":{"line":102,"column":22},"end":{"line":102,"column":41}},"loc":{"start":{"line":102,"column":94},"end":{"line":108,"column":1}},"line":102}},"branchMap":{"0":{"loc":{"start":{"line":39,"column":10},"end":{"line":39,"column":28}},"type":"binary-expr","locations":[{"start":{"line":39,"column":10},"end":{"line":39,"column":21}},{"start":{"line":39,"column":25},"end":{"line":39,"column":28}}],"line":39},"1":{"loc":{"start":{"line":52,"column":2},"end":{"line":52,"column":65}},"type":"if","locations":[{"start":{"line":52,"column":2},"end":{"line":52,"column":65}},{"start":{},"end":{}}],"line":52},"2":{"loc":{"start":{"line":52,"column":6},"end":{"line":52,"column":53}},"type":"binary-expr","locations":[{"start":{"line":52,"column":6},"end":{"line":52,"column":25}},{"start":{"line":52,"column":29},"end":{"line":52,"column":53}}],"line":52},"3":{"loc":{"start":{"line":59,"column":2},"end":{"line":59,"column":40}},"type":"if","locations":[{"start":{"line":59,"column":2},"end":{"line":59,"column":40}},{"start":{},"end":{}}],"line":59},"4":{"loc":{"start":{"line":62,"column":4},"end":{"line":62,"column":44}},"type":"if","locations":[{"start":{"line":62,"column":4},"end":{"line":62,"column":44}},{"start":{},"end":{}}],"line":62},"5":{"loc":{"start":{"line":63,"column":4},"end":{"line":65,"column":5}},"type":"if","locations":[{"start":{"line":63,"column":4},"end":{"line":65,"column":5}},{"start":{},"end":{}}],"line":63}},"s":{"0":0,"1":0,"2":1,"3":16,"4":1,"5":15,"6":15,"7":3,"8":12,"9":3,"10":9,"11":9,"12":28,"13":5,"14":23,"15":22,"16":9,"17":45,"18":8,"19":8,"20":40,"21":8,"22":0,"23":0,"24":0,"25":0,"26":0,"27":0},"f":{"0":0,"1":16,"2":45,"3":8,"4":40,"5":0,"6":0},"b":{"0":[0,0],"1":[1,15],"2":[16,15],"3":[3,9],"4":[5,23],"5":[22,1]},"_coverageSchema":"1a1c01bbd47fc00a2c39e90264f33305004495a9","hash":"8b4c4d6723f78015f45e842541fafe9989242a40"}
,"/Users/skypie/MutualMesh/src/lib/contactHandle.ts": {"path":"/Users/skypie/MutualMesh/src/lib/contactHandle.ts","statementMap":{"0":{"start":{"line":15,"column":41},"end":{"line":15,"column":43}},"1":{"start":{"line":23,"column":20},"end":{"line":23,"column":85}},"2":{"start":{"line":38,"column":18},"end":{"line":38,"column":30}},"3":{"start":{"line":39,"column":2},"end":{"line":39,"column":66}},"4":{"start":{"line":39,"column":28},"end":{"line":39,"column":66}},"5":{"start":{"line":40,"column":2},"end":{"line":42,"column":3}},"6":{"start":{"line":41,"column":4},"end":{"line":41,"column":45}},"7":{"start":{"line":43,"column":2},"end":{"line":45,"column":3}},"8":{"start":{"line":44,"column":4},"end":{"line":44,"column":52}},"9":{"start":{"line":46,"column":2},"end":{"line":46,"column":22}},"10":{"start":{"line":54,"column":2},"end":{"line":61,"column":3}},"11":{"start":{"line":56,"column":6},"end":{"line":56,"column":74}},"12":{"start":{"line":58,"column":6},"end":{"line":58,"column":79}},"13":{"start":{"line":60,"column":6},"end":{"line":60,"column":74}},"14":{"start":{"line":74,"column":12},"end":{"line":74,"column":25}},"15":{"start":{"line":75,"column":2},"end":{"line":75,"column":59}},"16":{"start":{"line":75,"column":44},"end":{"line":75,"column":59}},"17":{"start":{"line":76,"column":2},"end":{"line":76,"column":52}},"18":{"start":{"line":76,"column":37},"end":{"line":76,"column":52}},"19":{"start":{"line":77,"column":2},"end":{"line":77,"column":69}},"20":{"start":{"line":77,"column":53},"end":{"line":77,"column":69}},"21":{"start":{"line":78,"column":2},"end":{"line":78,"column":53}},"22":{"start":{"line":78,"column":37},"end":{"line":78,"column":53}},"23":{"start":{"line":79,"column":2},"end":{"line":79,"column":17}}},"fnMap":{"0":{"name":"validateContactHandle","decl":{"start":{"line":37,"column":16},"end":{"line":37,"column":37}},"loc":{"start":{"line":37,"column":71},"end":{"line":47,"column":1}},"line":37},"1":{"name":"validationFailureMessage","decl":{"start":{"line":53,"column":16},"end":{"line":53,"column":40}},"loc":{"start":{"line":53,"column":76},"end":{"line":62,"column":1}},"line":53},"2":{"name":"classifyContactHandle","decl":{"start":{"line":73,"column":16},"end":{"line":73,"column":37}},"loc":{"start":{"line":73,"column":66},"end":{"line":80,"column":1}},"line":73}},"branchMap":{"0":{"loc":{"start":{"line":39,"column":2},"end":{"line":39,"column":66}},"type":"if","locations":[{"start":{"line":39,"column":2},"end":{"line":39,"column":66}},{"start":{},"end":{}}],"line":39},"1":{"loc":{"start":{"line":40,"column":2},"end":{"line":42,"column":3}},"type":"if","locations":[{"start":{"line":40,"column":2},"end":{"line":42,"column":3}},{"start":{},"end":{}}],"line":40},"2":{"loc":{"start":{"line":43,"column":2},"end":{"line":45,"column":3}},"type":"if","locations":[{"start":{"line":43,"column":2},"end":{"line":45,"column":3}},{"start":{},"end":{}}],"line":43},"3":{"loc":{"start":{"line":54,"column":2},"end":{"line":61,"column":3}},"type":"switch","locations":[{"start":{"line":55,"column":4},"end":{"line":56,"column":74}},{"start":{"line":57,"column":4},"end":{"line":58,"column":79}},{"start":{"line":59,"column":4},"end":{"line":60,"column":74}}],"line":54},"4":{"loc":{"start":{"line":75,"column":2},"end":{"line":75,"column":59}},"type":"if","locations":[{"start":{"line":75,"column":2},"end":{"line":75,"column":59}},{"start":{},"end":{}}],"line":75},"5":{"loc":{"start":{"line":76,"column":2},"end":{"line":76,"column":52}},"type":"if","locations":[{"start":{"line":76,"column":2},"end":{"line":76,"column":52}},{"start":{},"end":{}}],"line":76},"6":{"loc":{"start":{"line":77,"column":2},"end":{"line":77,"column":69}},"type":"if","locations":[{"start":{"line":77,"column":2},"end":{"line":77,"column":69}},{"start":{},"end":{}}],"line":77},"7":{"loc":{"start":{"line":77,"column":6},"end":{"line":77,"column":51}},"type":"binary-expr","locations":[{"start":{"line":77,"column":6},"end":{"line":77,"column":26}},{"start":{"line":77,"column":30},"end":{"line":77,"column":51}}],"line":77},"8":{"loc":{"start":{"line":78,"column":2},"end":{"line":78,"column":53}},"type":"if","locations":[{"start":{"line":78,"column":2},"end":{"line":78,"column":53}},{"start":{},"end":{}}],"line":78}},"s":{"0":1,"1":1,"2":18,"3":18,"4":2,"5":16,"6":1,"7":15,"8":11,"9":4,"10":3,"11":1,"12":1,"13":1,"14":12,"15":12,"16":2,"17":10,"18":3,"19":7,"20":2,"21":5,"22":3,"23":2},"f":{"0":18,"1":3,"2":12},"b":{"0":[2,16],"1":[1,15],"2":[11,4],"3":[1,1,1],"4":[2,10],"5":[3,7],"6":[2,5],"7":[7,5],"8":[3,2]},"_coverageSchema":"1a1c01bbd47fc00a2c39e90264f33305004495a9","hash":"f6c73b9000b12bec0f145fd9dd095587e67ec5a8"}
,"/Users/skypie/MutualMesh/src/lib/errorReporting.ts": {"path":"/Users/skypie/MutualMesh/src/lib/errorReporting.ts","statementMap":{"0":{"start":{"line":43,"column":34},"end":{"line":43,"column":70}},"1":{"start":{"line":46,"column":30},"end":{"line":46,"column":35}},"2":{"start":{"line":49,"column":33},"end":{"line":49,"column":41}},"3":{"start":{"line":50,"column":31},"end":{"line":50,"column":40}},"4":{"start":{"line":66,"column":14},"end":{"line":66,"column":66}},"5":{"start":{"line":67,"column":2},"end":{"line":67,"column":50}},"6":{"start":{"line":80,"column":30},"end":{"line":80,"column":48}},"7":{"start":{"line":81,"column":31},"end":{"line":81,"column":50}},"8":{"start":{"line":82,"column":31},"end":{"line":82,"column":50}},"9":{"start":{"line":83,"column":30},"end":{"line":83,"column":48}},"10":{"start":{"line":99,"column":2},"end":{"line":190,"column":3}},"11":{"start":{"line":207,"column":2},"end":{"line":207,"column":68}},"12":{"start":{"line":207,"column":55},"end":{"line":207,"column":68}},"13":{"start":{"line":208,"column":15},"end":{"line":208,"column":20}},"14":{"start":{"line":209,"column":2},"end":{"line":215,"column":3}},"15":{"start":{"line":213,"column":17},"end":{"line":213,"column":54}},"16":{"start":{"line":214,"column":4},"end":{"line":214,"column":47}},"17":{"start":{"line":216,"column":2},"end":{"line":216,"column":16}},"18":{"start":{"line":229,"column":2},"end":{"line":229,"column":50}},"19":{"start":{"line":229,"column":40},"end":{"line":229,"column":50}},"20":{"start":{"line":230,"column":2},"end":{"line":230,"column":15}},"21":{"start":{"line":241,"column":4},"end":{"line":243,"column":11}},"22":{"start":{"line":245,"column":2},"end":{"line":245,"column":24}},"23":{"start":{"line":262,"column":19},"end":{"line":262,"column":56}},"24":{"start":{"line":263,"column":2},"end":{"line":263,"column":55}},"25":{"start":{"line":263,"column":39},"end":{"line":263,"column":55}},"26":{"start":{"line":264,"column":22},"end":{"line":264,"column":58}},"27":{"start":{"line":265,"column":2},"end":{"line":267,"column":3}},"28":{"start":{"line":266,"column":4},"end":{"line":266,"column":71}},"29":{"start":{"line":268,"column":2},"end":{"line":268,"column":14}},"30":{"start":{"line":280,"column":2},"end":{"line":286,"column":3}},"31":{"start":{"line":281,"column":16},"end":{"line":281,"column":62}},"32":{"start":{"line":282,"column":4},"end":{"line":282,"column":44}},"33":{"start":{"line":282,"column":22},"end":{"line":282,"column":44}},"34":{"start":{"line":283,"column":4},"end":{"line":283,"column":26}},"35":{"start":{"line":285,"column":4},"end":{"line":285,"column":26}},"36":{"start":{"line":295,"column":2},"end":{"line":299,"column":3}},"37":{"start":{"line":296,"column":4},"end":{"line":296,"column":77}},"38":{"start":{"line":312,"column":2},"end":{"line":317,"column":3}},"39":{"start":{"line":313,"column":4},"end":{"line":316,"column":6}},"40":{"start":{"line":318,"column":2},"end":{"line":320,"column":3}},"41":{"start":{"line":319,"column":4},"end":{"line":319,"column":41}},"42":{"start":{"line":321,"column":2},"end":{"line":328,"column":3}},"43":{"start":{"line":322,"column":14},"end":{"line":322,"column":54}},"44":{"start":{"line":323,"column":14},"end":{"line":323,"column":50}},"45":{"start":{"line":324,"column":4},"end":{"line":327,"column":6}},"46":{"start":{"line":329,"column":2},"end":{"line":329,"column":53}},"47":{"start":{"line":351,"column":2},"end":{"line":395,"column":3}},"48":{"start":{"line":352,"column":20},"end":{"line":352,"column":50}},"49":{"start":{"line":353,"column":4},"end":{"line":353,"column":25}},"50":{"start":{"line":353,"column":18},"end":{"line":353,"column":25}},"51":{"start":{"line":355,"column":16},"end":{"line":355,"column":36}},"52":{"start":{"line":356,"column":4},"end":{"line":356,"column":21}},"53":{"start":{"line":356,"column":14},"end":{"line":356,"column":21}},"54":{"start":{"line":358,"column":31},"end":{"line":358,"column":55}},"55":{"start":{"line":363,"column":24},"end":{"line":363,"column":69}},"56":{"start":{"line":364,"column":22},"end":{"line":364,"column":63}},"57":{"start":{"line":366,"column":20},"end":{"line":372,"column":5}},"58":{"start":{"line":374,"column":20},"end":{"line":374,"column":67}},"59":{"start":{"line":380,"column":4},"end":{"line":391,"column":7}}},"fnMap":{"0":{"name":"getStorage","decl":{"start":{"line":64,"column":9},"end":{"line":64,"column":19}},"loc":{"start":{"line":64,"column":40},"end":{"line":68,"column":1}},"line":64},"1":{"name":"stripPii","decl":{"start":{"line":206,"column":16},"end":{"line":206,"column":24}},"loc":{"start":{"line":206,"column":48},"end":{"line":217,"column":1}},"line":206},"2":{"name":"normalizePlatform","decl":{"start":{"line":228,"column":16},"end":{"line":228,"column":33}},"loc":{"start":{"line":228,"column":73},"end":{"line":231,"column":1}},"line":228},"3":{"name":"getAppVersion","decl":{"start":{"line":239,"column":16},"end":{"line":239,"column":29}},"loc":{"start":{"line":239,"column":40},"end":{"line":246,"column":1}},"line":239},"4":{"name":"resolveLogErrorUrl","decl":{"start":{"line":261,"column":16},"end":{"line":261,"column":34}},"loc":{"start":{"line":261,"column":52},"end":{"line":269,"column":1}},"line":261},"5":{"name":"getErrorReportingOptIn","decl":{"start":{"line":279,"column":22},"end":{"line":279,"column":44}},"loc":{"start":{"line":279,"column":65},"end":{"line":287,"column":1}},"line":279},"6":{"name":"setErrorReportingOptIn","decl":{"start":{"line":294,"column":22},"end":{"line":294,"column":44}},"loc":{"start":{"line":294,"column":76},"end":{"line":300,"column":1}},"line":294},"7":{"name":"extractErrorParts","decl":{"start":{"line":311,"column":16},"end":{"line":311,"column":33}},"loc":{"start":{"line":311,"column":86},"end":{"line":330,"column":1}},"line":311},"8":{"name":"logError","decl":{"start":{"line":347,"column":22},"end":{"line":347,"column":30}},"loc":{"start":{"line":350,"column":17},"end":{"line":396,"column":1}},"line":350}},"branchMap":{"0":{"loc":{"start":{"line":67,"column":10},"end":{"line":67,"column":28}},"type":"binary-expr","locations":[{"start":{"line":67,"column":10},"end":{"line":67,"column":21}},{"start":{"line":67,"column":25},"end":{"line":67,"column":28}}],"line":67},"1":{"loc":{"start":{"line":207,"column":2},"end":{"line":207,"column":68}},"type":"if","locations":[{"start":{"line":207,"column":2},"end":{"line":207,"column":68}},{"start":{},"end":{}}],"line":207},"2":{"loc":{"start":{"line":207,"column":6},"end":{"line":207,"column":53}},"type":"binary-expr","locations":[{"start":{"line":207,"column":6},"end":{"line":207,"column":31}},{"start":{"line":207,"column":35},"end":{"line":207,"column":53}}],"line":207},"3":{"loc":{"start":{"line":229,"column":2},"end":{"line":229,"column":50}},"type":"if","locations":[{"start":{"line":229,"column":2},"end":{"line":229,"column":50}},{"start":{},"end":{}}],"line":229},"4":{"loc":{"start":{"line":229,"column":6},"end":{"line":229,"column":38}},"type":"binary-expr","locations":[{"start":{"line":229,"column":6},"end":{"line":229,"column":18}},{"start":{"line":229,"column":22},"end":{"line":229,"column":38}}],"line":229},"5":{"loc":{"start":{"line":241,"column":4},"end":{"line":243,"column":11}},"type":"binary-expr","locations":[{"start":{"line":241,"column":5},"end":{"line":241,"column":57}},{"start":{"line":242,"column":5},"end":{"line":242,"column":75}},{"start":{"line":243,"column":4},"end":{"line":243,"column":11}}],"line":241},"6":{"loc":{"start":{"line":263,"column":2},"end":{"line":263,"column":55}},"type":"if","locations":[{"start":{"line":263,"column":2},"end":{"line":263,"column":55}},{"start":{},"end":{}}],"line":263},"7":{"loc":{"start":{"line":263,"column":6},"end":{"line":263,"column":37}},"type":"binary-expr","locations":[{"start":{"line":263,"column":6},"end":{"line":263,"column":14}},{"start":{"line":263,"column":18},"end":{"line":263,"column":37}}],"line":263},"8":{"loc":{"start":{"line":265,"column":2},"end":{"line":267,"column":3}},"type":"if","locations":[{"start":{"line":265,"column":2},"end":{"line":267,"column":3}},{"start":{},"end":{}}],"line":265},"9":{"loc":{"start":{"line":265,"column":6},"end":{"line":265,"column":43}},"type":"binary-expr","locations":[{"start":{"line":265,"column":6},"end":{"line":265,"column":17}},{"start":{"line":265,"column":21},"end":{"line":265,"column":43}}],"line":265},"10":{"loc":{"start":{"line":282,"column":4},"end":{"line":282,"column":44}},"type":"if","locations":[{"start":{"line":282,"column":4},"end":{"line":282,"column":44}},{"start":{},"end":{}}],"line":282},"11":{"loc":{"start":{"line":296,"column":51},"end":{"line":296,"column":75}},"type":"cond-expr","locations":[{"start":{"line":296,"column":59},"end":{"line":296,"column":65}},{"start":{"line":296,"column":68},"end":{"line":296,"column":75}}],"line":296},"12":{"loc":{"start":{"line":312,"column":2},"end":{"line":317,"column":3}},"type":"if","locations":[{"start":{"line":312,"column":2},"end":{"line":317,"column":3}},{"start":{},"end":{}}],"line":312},"13":{"loc":{"start":{"line":314,"column":15},"end":{"line":314,"column":34}},"type":"binary-expr","locations":[{"start":{"line":314,"column":15},"end":{"line":314,"column":28}},{"start":{"line":314,"column":32},"end":{"line":314,"column":34}}],"line":314},"14":{"loc":{"start":{"line":315,"column":13},"end":{"line":315,"column":30}},"type":"binary-expr","locations":[{"start":{"line":315,"column":13},"end":{"line":315,"column":24}},{"start":{"line":315,"column":28},"end":{"line":315,"column":30}}],"line":315},"15":{"loc":{"start":{"line":318,"column":2},"end":{"line":320,"column":3}},"type":"if","locations":[{"start":{"line":318,"column":2},"end":{"line":320,"column":3}},{"start":{},"end":{}}],"line":318},"16":{"loc":{"start":{"line":321,"column":2},"end":{"line":328,"column":3}},"type":"if","locations":[{"start":{"line":321,"column":2},"end":{"line":328,"column":3}},{"start":{},"end":{}}],"line":321},"17":{"loc":{"start":{"line":321,"column":6},"end":{"line":321,"column":62}},"type":"binary-expr","locations":[{"start":{"line":321,"column":6},"end":{"line":321,"column":11}},{"start":{"line":321,"column":15},"end":{"line":321,"column":40}},{"start":{"line":321,"column":44},"end":{"line":321,"column":62}}],"line":321},"18":{"loc":{"start":{"line":325,"column":15},"end":{"line":325,"column":58}},"type":"cond-expr","locations":[{"start":{"line":325,"column":39},"end":{"line":325,"column":40}},{"start":{"line":325,"column":43},"end":{"line":325,"column":58}}],"line":325},"19":{"loc":{"start":{"line":325,"column":50},"end":{"line":325,"column":57}},"type":"binary-expr","locations":[{"start":{"line":325,"column":50},"end":{"line":325,"column":51}},{"start":{"line":325,"column":55},"end":{"line":325,"column":57}}],"line":325},"20":{"loc":{"start":{"line":326,"column":13},"end":{"line":326,"column":43}},"type":"cond-expr","locations":[{"start":{"line":326,"column":37},"end":{"line":326,"column":38}},{"start":{"line":326,"column":41},"end":{"line":326,"column":43}}],"line":326},"21":{"loc":{"start":{"line":329,"column":27},"end":{"line":329,"column":38}},"type":"binary-expr","locations":[{"start":{"line":329,"column":27},"end":{"line":329,"column":32}},{"start":{"line":329,"column":36},"end":{"line":329,"column":38}}],"line":329},"22":{"loc":{"start":{"line":349,"column":2},"end":{"line":349,"column":41}},"type":"default-arg","locations":[{"start":{"line":349,"column":34},"end":{"line":349,"column":41}}],"line":349},"23":{"loc":{"start":{"line":353,"column":4},"end":{"line":353,"column":25}},"type":"if","locations":[{"start":{"line":353,"column":4},"end":{"line":353,"column":25}},{"start":{},"end":{}}],"line":353},"24":{"loc":{"start":{"line":356,"column":4},"end":{"line":356,"column":21}},"type":"if","locations":[{"start":{"line":356,"column":4},"end":{"line":356,"column":21}},{"start":{},"end":{}}],"line":356},"25":{"loc":{"start":{"line":374,"column":20},"end":{"line":374,"column":67}},"type":"binary-expr","locations":[{"start":{"line":374,"column":20},"end":{"line":374,"column":61}},{"start":{"line":374,"column":65},"end":{"line":374,"column":67}}],"line":374},"26":{"loc":{"start":{"line":388,"column":12},"end":{"line":388,"column":82}},"type":"cond-expr","locations":[{"start":{"line":388,"column":22},"end":{"line":388,"column":77}},{"start":{"line":388,"column":80},"end":{"line":388,"column":82}}],"line":388}},"s":{"0":2,"1":2,"2":2,"3":2,"4":0,"5":0,"6":2,"7":2,"8":2,"9":2,"10":2,"11":38,"12":3,"13":35,"14":35,"15":245,"16":245,"17":35,"18":6,"19":2,"20":4,"21":0,"22":0,"23":5,"24":5,"25":1,"26":4,"27":4,"28":2,"29":2,"30":0,"31":0,"32":0,"33":0,"34":0,"35":0,"36":0,"37":0,"38":6,"39":1,"40":5,"41":1,"42":4,"43":2,"44":2,"45":2,"46":2,"47":0,"48":0,"49":0,"50":0,"51":0,"52":0,"53":0,"54":0,"55":0,"56":0,"57":0,"58":0,"59":0},"f":{"0":0,"1":38,"2":6,"3":0,"4":5,"5":0,"6":0,"7":6,"8":0},"b":{"0":[0,0],"1":[3,35],"2":[38,36],"3":[2,4],"4":[6,5],"5":[0,0,0],"6":[1,4],"7":[5,1],"8":[2,2],"9":[4,2],"10":[0,0],"11":[0,0],"12":[1,5],"13":[1,0],"14":[1,0],"15":[1,4],"16":[2,2],"17":[4,2,2],"18":[1,1],"19":[1,0],"20":[1,1],"21":[2,2],"22":[0],"23":[0,0],"24":[0,0],"25":[0,0],"26":[0,0]},"_coverageSchema":"1a1c01bbd47fc00a2c39e90264f33305004495a9","hash":"2d0614f85bcbe974bd93768bca0ab584220d24ac"}
,"/Users/skypie/MutualMesh/src/lib/errors.ts": {"path":"/Users/skypie/MutualMesh/src/lib/errors.ts","statementMap":{"0":{"start":{"line":10,"column":2},"end":{"line":10,"column":43}},"1":{"start":{"line":10,"column":26},"end":{"line":10,"column":43}},"2":{"start":{"line":11,"column":2},"end":{"line":11,"column":38}},"3":{"start":{"line":11,"column":29},"end":{"line":11,"column":38}},"4":{"start":{"line":12,"column":2},"end":{"line":14,"column":3}},"5":{"start":{"line":13,"column":4},"end":{"line":13,"column":21}},"6":{"start":{"line":15,"column":2},"end":{"line":15,"column":51}},"7":{"start":{"line":23,"column":12},"end":{"line":23,"column":27}},"8":{"start":{"line":25,"column":2},"end":{"line":25,"column":59}},"9":{"start":{"line":25,"column":43},"end":{"line":25,"column":59}},"10":{"start":{"line":26,"column":2},"end":{"line":26,"column":11}}},"fnMap":{"0":{"name":"errorMessage","decl":{"start":{"line":9,"column":16},"end":{"line":9,"column":28}},"loc":{"start":{"line":9,"column":49},"end":{"line":16,"column":1}},"line":9},"1":{"name":"userFacingErrorMessage","decl":{"start":{"line":22,"column":16},"end":{"line":22,"column":38}},"loc":{"start":{"line":22,"column":95},"end":{"line":27,"column":1}},"line":22}},"branchMap":{"0":{"loc":{"start":{"line":10,"column":2},"end":{"line":10,"column":43}},"type":"if","locations":[{"start":{"line":10,"column":2},"end":{"line":10,"column":43}},{"start":{},"end":{}}],"line":10},"1":{"loc":{"start":{"line":11,"column":2},"end":{"line":11,"column":38}},"type":"if","locations":[{"start":{"line":11,"column":2},"end":{"line":11,"column":38}},{"start":{},"end":{}}],"line":11},"2":{"loc":{"start":{"line":12,"column":2},"end":{"line":14,"column":3}},"type":"if","locations":[{"start":{"line":12,"column":2},"end":{"line":14,"column":3}},{"start":{},"end":{}}],"line":12},"3":{"loc":{"start":{"line":12,"column":6},"end":{"line":12,"column":83}},"type":"binary-expr","locations":[{"start":{"line":12,"column":6},"end":{"line":12,"column":7}},{"start":{"line":12,"column":11},"end":{"line":12,"column":32}},{"start":{"line":12,"column":36},"end":{"line":12,"column":50}},{"start":{"line":12,"column":54},"end":{"line":12,"column":83}}],"line":12},"4":{"loc":{"start":{"line":22,"column":51},"end":{"line":22,"column":85}},"type":"default-arg","locations":[{"start":{"line":22,"column":62},"end":{"line":22,"column":85}}],"line":22},"5":{"loc":{"start":{"line":25,"column":2},"end":{"line":25,"column":59}},"type":"if","locations":[{"start":{"line":25,"column":2},"end":{"line":25,"column":59}},{"start":{},"end":{}}],"line":25}},"s":{"0":27,"1":14,"2":13,"3":1,"4":12,"5":1,"6":11,"7":13,"8":13,"9":11,"10":2},"f":{"0":27,"1":13},"b":{"0":[14,13],"1":[1,12],"2":[1,11],"3":[12,9,7,4],"4":[12],"5":[11,2]},"_coverageSchema":"1a1c01bbd47fc00a2c39e90264f33305004495a9","hash":"7440d85556a0aa21814744a545e5e20e54549b29"}
,"/Users/skypie/MutualMesh/src/lib/fsaAggregation.ts": {"path":"/Users/skypie/MutualMesh/src/lib/fsaAggregation.ts","statementMap":{"0":{"start":{"line":55,"column":2},"end":{"line":55,"column":59}},"1":{"start":{"line":55,"column":45},"end":{"line":55,"column":59}},"2":{"start":{"line":56,"column":2},"end":{"line":56,"column":33}},"3":{"start":{"line":56,"column":18},"end":{"line":56,"column":33}},"4":{"start":{"line":57,"column":2},"end":{"line":57,"column":34}},"5":{"start":{"line":57,"column":18},"end":{"line":57,"column":34}},"6":{"start":{"line":58,"column":2},"end":{"line":58,"column":17}},"7":{"start":{"line":68,"column":64},"end":{"line":73,"column":1}},"8":{"start":{"line":118,"column":56},"end":{"line":124,"column":10}},"9":{"start":{"line":137,"column":14},"end":{"line":137,"column":36}},"10":{"start":{"line":138,"column":2},"end":{"line":138,"column":43}},"11":{"start":{"line":138,"column":31},"end":{"line":138,"column":43}},"12":{"start":{"line":139,"column":18},"end":{"line":139,"column":42}},"13":{"start":{"line":140,"column":2},"end":{"line":140,"column":38}},"14":{"start":{"line":140,"column":26},"end":{"line":140,"column":38}},"15":{"start":{"line":141,"column":2},"end":{"line":141,"column":29}},"16":{"start":{"line":155,"column":20},"end":{"line":155,"column":76}},"17":{"start":{"line":156,"column":2},"end":{"line":160,"column":3}},"18":{"start":{"line":157,"column":4},"end":{"line":159,"column":5}},"19":{"start":{"line":158,"column":6},"end":{"line":158,"column":47}},"20":{"start":{"line":161,"column":2},"end":{"line":161,"column":17}},"21":{"start":{"line":172,"column":35},"end":{"line":172,"column":42}},"22":{"start":{"line":173,"column":18},"end":{"line":173,"column":20}},"23":{"start":{"line":174,"column":2},"end":{"line":180,"column":3}},"24":{"start":{"line":175,"column":14},"end":{"line":175,"column":44}},"25":{"start":{"line":176,"column":4},"end":{"line":179,"column":5}},"26":{"start":{"line":177,"column":6},"end":{"line":177,"column":17}},"27":{"start":{"line":178,"column":6},"end":{"line":178,"column":20}},"28":{"start":{"line":181,"column":2},"end":{"line":181,"column":14}},"29":{"start":{"line":205,"column":2},"end":{"line":205,"column":54}},"30":{"start":{"line":205,"column":44},"end":{"line":205,"column":54}},"31":{"start":{"line":213,"column":16},"end":{"line":213,"column":38}},"32":{"start":{"line":215,"column":2},"end":{"line":232,"column":3}},"33":{"start":{"line":216,"column":4},"end":{"line":216,"column":43}},"34":{"start":{"line":216,"column":34},"end":{"line":216,"column":43}},"35":{"start":{"line":217,"column":16},"end":{"line":217,"column":29}},"36":{"start":{"line":218,"column":4},"end":{"line":218,"column":23}},"37":{"start":{"line":218,"column":14},"end":{"line":218,"column":23}},"38":{"start":{"line":220,"column":21},"end":{"line":220,"column":39}},"39":{"start":{"line":221,"column":21},"end":{"line":225,"column":5}},"40":{"start":{"line":226,"column":4},"end":{"line":226,"column":24}},"41":{"start":{"line":227,"column":4},"end":{"line":227,"column":86}},"42":{"start":{"line":228,"column":4},"end":{"line":230,"column":5}},"43":{"start":{"line":229,"column":6},"end":{"line":229,"column":41}},"44":{"start":{"line":231,"column":4},"end":{"line":231,"column":29}},"45":{"start":{"line":234,"column":39},"end":{"line":234,"column":41}},"46":{"start":{"line":235,"column":2},"end":{"line":252,"column":3}},"47":{"start":{"line":236,"column":21},"end":{"line":236,"column":50}},"48":{"start":{"line":238,"column":30},"end":{"line":238,"column":93}},"49":{"start":{"line":238,"column":59},"end":{"line":238,"column":92}},"50":{"start":{"line":241,"column":21},"end":{"line":241,"column":50}},"51":{"start":{"line":242,"column":17},"end":{"line":242,"column":69}},"52":{"start":{"line":244,"column":4},"end":{"line":251,"column":7}},"53":{"start":{"line":255,"column":2},"end":{"line":255,"column":57}},"54":{"start":{"line":255,"column":29},"end":{"line":255,"column":55}},"55":{"start":{"line":256,"column":2},"end":{"line":256,"column":21}},"56":{"start":{"line":273,"column":22},"end":{"line":273,"column":57}},"57":{"start":{"line":274,"column":19},"end":{"line":274,"column":64}},"58":{"start":{"line":275,"column":2},"end":{"line":275,"column":66}},"59":{"start":{"line":292,"column":12},"end":{"line":292,"column":30}},"60":{"start":{"line":293,"column":2},"end":{"line":293,"column":77}},"61":{"start":{"line":293,"column":15},"end":{"line":293,"column":77}},"62":{"start":{"line":294,"column":2},"end":{"line":294,"column":75}},"63":{"start":{"line":294,"column":15},"end":{"line":294,"column":75}},"64":{"start":{"line":295,"column":2},"end":{"line":295,"column":66}}},"fnMap":{"0":{"name":"fsaCountToBucket","decl":{"start":{"line":54,"column":16},"end":{"line":54,"column":32}},"loc":{"start":{"line":54,"column":64},"end":{"line":59,"column":1}},"line":54},"1":{"name":"extractFsa","decl":{"start":{"line":136,"column":9},"end":{"line":136,"column":19}},"loc":{"start":{"line":136,"column":81},"end":{"line":142,"column":1}},"line":136},"2":{"name":"extractCategory","decl":{"start":{"line":152,"column":9},"end":{"line":152,"column":24}},"loc":{"start":{"line":152,"column":70},"end":{"line":162,"column":1}},"line":152},"3":{"name":"pickDominant","decl":{"start":{"line":171,"column":9},"end":{"line":171,"column":21}},"loc":{"start":{"line":171,"column":97},"end":{"line":182,"column":1}},"line":171},"4":{"name":"groupResourcesByFSA","decl":{"start":{"line":202,"column":16},"end":{"line":202,"column":35}},"loc":{"start":{"line":204,"column":19},"end":{"line":257,"column":1}},"line":204},"5":{"name":"(anonymous_5)","decl":{"start":{"line":238,"column":52},"end":{"line":238,"column":53}},"loc":{"start":{"line":238,"column":59},"end":{"line":238,"column":92}},"line":238},"6":{"name":"(anonymous_6)","decl":{"start":{"line":255,"column":19},"end":{"line":255,"column":20}},"loc":{"start":{"line":255,"column":29},"end":{"line":255,"column":55}},"line":255},"7":{"name":"fsaAccessibilityLabel","decl":{"start":{"line":272,"column":16},"end":{"line":272,"column":37}},"loc":{"start":{"line":272,"column":73},"end":{"line":276,"column":1}},"line":272},"8":{"name":"fsaMapSummary","decl":{"start":{"line":291,"column":16},"end":{"line":291,"column":29}},"loc":{"start":{"line":291,"column":77},"end":{"line":296,"column":1}},"line":291}},"branchMap":{"0":{"loc":{"start":{"line":55,"column":2},"end":{"line":55,"column":59}},"type":"if","locations":[{"start":{"line":55,"column":2},"end":{"line":55,"column":59}},{"start":{},"end":{}}],"line":55},"1":{"loc":{"start":{"line":55,"column":6},"end":{"line":55,"column":43}},"type":"binary-expr","locations":[{"start":{"line":55,"column":6},"end":{"line":55,"column":29}},{"start":{"line":55,"column":33},"end":{"line":55,"column":43}}],"line":55},"2":{"loc":{"start":{"line":56,"column":2},"end":{"line":56,"column":33}},"type":"if","locations":[{"start":{"line":56,"column":2},"end":{"line":56,"column":33}},{"start":{},"end":{}}],"line":56},"3":{"loc":{"start":{"line":57,"column":2},"end":{"line":57,"column":34}},"type":"if","locations":[{"start":{"line":57,"column":2},"end":{"line":57,"column":34}},{"start":{},"end":{}}],"line":57},"4":{"loc":{"start":{"line":138,"column":2},"end":{"line":138,"column":43}},"type":"if","locations":[{"start":{"line":138,"column":2},"end":{"line":138,"column":43}},{"start":{},"end":{}}],"line":138},"5":{"loc":{"start":{"line":140,"column":2},"end":{"line":140,"column":38}},"type":"if","locations":[{"start":{"line":140,"column":2},"end":{"line":140,"column":38}},{"start":{},"end":{}}],"line":140},"6":{"loc":{"start":{"line":156,"column":2},"end":{"line":160,"column":3}},"type":"if","locations":[{"start":{"line":156,"column":2},"end":{"line":160,"column":3}},{"start":{},"end":{}}],"line":156},"7":{"loc":{"start":{"line":157,"column":4},"end":{"line":159,"column":5}},"type":"if","locations":[{"start":{"line":157,"column":4},"end":{"line":159,"column":5}},{"start":{},"end":{}}],"line":157},"8":{"loc":{"start":{"line":175,"column":14},"end":{"line":175,"column":44}},"type":"binary-expr","locations":[{"start":{"line":175,"column":14},"end":{"line":175,"column":39}},{"start":{"line":175,"column":43},"end":{"line":175,"column":44}}],"line":175},"9":{"loc":{"start":{"line":176,"column":4},"end":{"line":179,"column":5}},"type":"if","locations":[{"start":{"line":176,"column":4},"end":{"line":179,"column":5}},{"start":{},"end":{}}],"line":176},"10":{"loc":{"start":{"line":205,"column":2},"end":{"line":205,"column":54}},"type":"if","locations":[{"start":{"line":205,"column":2},"end":{"line":205,"column":54}},{"start":{},"end":{}}],"line":205},"11":{"loc":{"start":{"line":205,"column":6},"end":{"line":205,"column":42}},"type":"binary-expr","locations":[{"start":{"line":205,"column":6},"end":{"line":205,"column":16}},{"start":{"line":205,"column":20},"end":{"line":205,"column":42}}],"line":205},"12":{"loc":{"start":{"line":216,"column":4},"end":{"line":216,"column":43}},"type":"if","locations":[{"start":{"line":216,"column":4},"end":{"line":216,"column":43}},{"start":{},"end":{}}],"line":216},"13":{"loc":{"start":{"line":218,"column":4},"end":{"line":218,"column":23}},"type":"if","locations":[{"start":{"line":218,"column":4},"end":{"line":218,"column":23}},{"start":{},"end":{}}],"line":218},"14":{"loc":{"start":{"line":221,"column":21},"end":{"line":225,"column":5}},"type":"binary-expr","locations":[{"start":{"line":221,"column":21},"end":{"line":221,"column":35}},{"start":{"line":221,"column":39},"end":{"line":225,"column":5}}],"line":221},"15":{"loc":{"start":{"line":227,"column":40},"end":{"line":227,"column":79}},"type":"binary-expr","locations":[{"start":{"line":227,"column":40},"end":{"line":227,"column":74}},{"start":{"line":227,"column":78},"end":{"line":227,"column":79}}],"line":227},"16":{"loc":{"start":{"line":228,"column":4},"end":{"line":230,"column":5}},"type":"if","locations":[{"start":{"line":228,"column":4},"end":{"line":230,"column":5}},{"start":{},"end":{}}],"line":228},"17":{"loc":{"start":{"line":228,"column":8},"end":{"line":228,"column":42}},"type":"binary-expr","locations":[{"start":{"line":228,"column":8},"end":{"line":228,"column":14}},{"start":{"line":228,"column":18},"end":{"line":228,"column":42}}],"line":228},"18":{"loc":{"start":{"line":238,"column":60},"end":{"line":238,"column":87}},"type":"binary-expr","locations":[{"start":{"line":238,"column":60},"end":{"line":238,"column":82}},{"start":{"line":238,"column":86},"end":{"line":238,"column":87}}],"line":238},"19":{"loc":{"start":{"line":242,"column":17},"end":{"line":242,"column":69}},"type":"cond-expr","locations":[{"start":{"line":242,"column":41},"end":{"line":242,"column":45}},{"start":{"line":242,"column":49},"end":{"line":242,"column":68}}],"line":242},"20":{"loc":{"start":{"line":242,"column":49},"end":{"line":242,"column":68}},"type":"binary-expr","locations":[{"start":{"line":242,"column":49},"end":{"line":242,"column":60}},{"start":{"line":242,"column":64},"end":{"line":242,"column":68}}],"line":242},"21":{"loc":{"start":{"line":274,"column":19},"end":{"line":274,"column":64}},"type":"cond-expr","locations":[{"start":{"line":274,"column":37},"end":{"line":274,"column":59}},{"start":{"line":274,"column":62},"end":{"line":274,"column":64}}],"line":274},"22":{"loc":{"start":{"line":293,"column":2},"end":{"line":293,"column":77}},"type":"if","locations":[{"start":{"line":293,"column":2},"end":{"line":293,"column":77}},{"start":{},"end":{}}],"line":293},"23":{"loc":{"start":{"line":294,"column":2},"end":{"line":294,"column":75}},"type":"if","locations":[{"start":{"line":294,"column":2},"end":{"line":294,"column":75}},{"start":{},"end":{}}],"line":294}},"s":{"0":31,"1":5,"2":26,"3":10,"4":16,"5":7,"6":9,"7":1,"8":1,"9":533,"10":533,"11":1,"12":532,"13":532,"14":3,"15":529,"16":529,"17":529,"18":529,"19":529,"20":0,"21":18,"22":18,"23":18,"24":90,"25":90,"26":34,"27":34,"28":18,"29":15,"30":3,"31":12,"32":12,"33":535,"34":2,"35":533,"36":533,"37":4,"38":529,"39":529,"40":529,"41":529,"42":529,"43":527,"44":529,"45":12,"46":12,"47":18,"48":18,"49":90,"50":18,"51":18,"52":18,"53":12,"54":12,"55":12,"56":2,"57":2,"58":2,"59":4,"60":4,"61":1,"62":3,"63":2,"64":1},"f":{"0":31,"1":533,"2":529,"3":18,"4":15,"5":90,"6":12,"7":2,"8":4},"b":{"0":[5,26],"1":[31,29],"2":[10,16],"3":[7,9],"4":[1,532],"5":[3,529],"6":[529,0],"7":[529,0],"8":[90,68],"9":[34,56],"10":[3,12],"11":[15,13],"12":[2,533],"13":[4,529],"14":[529,18],"15":[529,22],"16":[527,2],"17":[529,527],"18":[90,68],"19":[1,17],"20":[17,0],"21":[1,1],"22":[1,3],"23":[2,1]},"_coverageSchema":"1a1c01bbd47fc00a2c39e90264f33305004495a9","hash":"975e5e9426abb55850b5e59b41c654b055a18177"}
,"/Users/skypie/MutualMesh/src/lib/handleGenerator.ts": {"path":"/Users/skypie/MutualMesh/src/lib/handleGenerator.ts","statementMap":{"0":{"start":{"line":25,"column":26},"end":{"line":185,"column":10}},"1":{"start":{"line":187,"column":21},"end":{"line":339,"column":10}},"2":{"start":{"line":345,"column":12},"end":{"line":345,"column":45}},"3":{"start":{"line":346,"column":2},"end":{"line":346,"column":39}},"4":{"start":{"line":350,"column":12},"end":{"line":350,"column":50}},"5":{"start":{"line":352,"column":12},"end":{"line":352,"column":18}},"6":{"start":{"line":353,"column":2},"end":{"line":353,"column":57}},"7":{"start":{"line":353,"column":23},"end":{"line":353,"column":57}},"8":{"start":{"line":354,"column":2},"end":{"line":354,"column":11}},"9":{"start":{"line":364,"column":2},"end":{"line":364,"column":68}},"10":{"start":{"line":372,"column":15},"end":{"line":372,"column":32}},"11":{"start":{"line":373,"column":2},"end":{"line":375,"column":3}},"12":{"start":{"line":374,"column":4},"end":{"line":374,"column":37}},"13":{"start":{"line":376,"column":2},"end":{"line":376,"column":26}}},"fnMap":{"0":{"name":"randomFourDigits","decl":{"start":{"line":344,"column":9},"end":{"line":344,"column":25}},"loc":{"start":{"line":344,"column":36},"end":{"line":347,"column":1}},"line":344},"1":{"name":"pick","decl":{"start":{"line":349,"column":9},"end":{"line":349,"column":13}},"loc":{"start":{"line":349,"column":39},"end":{"line":355,"column":1}},"line":349},"2":{"name":"generateRandomHandle","decl":{"start":{"line":363,"column":16},"end":{"line":363,"column":36}},"loc":{"start":{"line":363,"column":47},"end":{"line":365,"column":1}},"line":363},"3":{"name":"generateHandleSuggestions","decl":{"start":{"line":371,"column":16},"end":{"line":371,"column":41}},"loc":{"start":{"line":371,"column":63},"end":{"line":377,"column":1}},"line":371}},"branchMap":{"0":{"loc":{"start":{"line":353,"column":2},"end":{"line":353,"column":57}},"type":"if","locations":[{"start":{"line":353,"column":2},"end":{"line":353,"column":57}},{"start":{},"end":{}}],"line":353},"1":{"loc":{"start":{"line":371,"column":42},"end":{"line":371,"column":51}},"type":"default-arg","locations":[{"start":{"line":371,"column":50},"end":{"line":371,"column":51}}],"line":371}},"s":{"0":1,"1":1,"2":472,"3":472,"4":944,"5":944,"6":944,"7":0,"8":944,"9":472,"10":6,"11":6,"12":22,"13":6},"f":{"0":472,"1":944,"2":472,"3":6},"b":{"0":[0,944],"1":[1]},"_coverageSchema":"1a1c01bbd47fc00a2c39e90264f33305004495a9","hash":"36e0dc34219276edfb79637269a4aa866de07b8a"}
,"/Users/skypie/MutualMesh/src/lib/handleValidator.ts": {"path":"/Users/skypie/MutualMesh/src/lib/handleValidator.ts","statementMap":{"0":{"start":{"line":19,"column":26},"end":{"line":19,"column":27}},"1":{"start":{"line":20,"column":26},"end":{"line":20,"column":28}},"2":{"start":{"line":25,"column":22},"end":{"line":25,"column":57}},"3":{"start":{"line":29,"column":25},"end":{"line":46,"column":2}},"4":{"start":{"line":58,"column":27},"end":{"line":145,"column":2}},"5":{"start":{"line":165,"column":18},"end":{"line":165,"column":44}},"6":{"start":{"line":167,"column":2},"end":{"line":167,"column":66}},"7":{"start":{"line":167,"column":28},"end":{"line":167,"column":66}},"8":{"start":{"line":168,"column":2},"end":{"line":168,"column":84}},"9":{"start":{"line":168,"column":42},"end":{"line":168,"column":84}},"10":{"start":{"line":169,"column":2},"end":{"line":169,"column":83}},"11":{"start":{"line":169,"column":42},"end":{"line":169,"column":83}},"12":{"start":{"line":170,"column":2},"end":{"line":170,"column":83}},"13":{"start":{"line":170,"column":36},"end":{"line":170,"column":83}},"14":{"start":{"line":171,"column":2},"end":{"line":171,"column":78}},"15":{"start":{"line":171,"column":37},"end":{"line":171,"column":78}},"16":{"start":{"line":175,"column":2},"end":{"line":177,"column":3}},"17":{"start":{"line":176,"column":4},"end":{"line":176,"column":57}},"18":{"start":{"line":179,"column":2},"end":{"line":179,"column":22}},"19":{"start":{"line":187,"column":12},"end":{"line":187,"column":38}},"20":{"start":{"line":189,"column":2},"end":{"line":189,"column":52}},"21":{"start":{"line":189,"column":39},"end":{"line":189,"column":52}},"22":{"start":{"line":190,"column":2},"end":{"line":190,"column":35}},"23":{"start":{"line":197,"column":2},"end":{"line":208,"column":3}},"24":{"start":{"line":199,"column":6},"end":{"line":199,"column":39}},"25":{"start":{"line":201,"column":6},"end":{"line":201,"column":72}},"26":{"start":{"line":203,"column":6},"end":{"line":203,"column":71}},"27":{"start":{"line":205,"column":6},"end":{"line":205,"column":104}},"28":{"start":{"line":207,"column":6},"end":{"line":207,"column":63}},"29":{"start":{"line":215,"column":2},"end":{"line":218,"column":4}}},"fnMap":{"0":{"name":"validateHandle","decl":{"start":{"line":164,"column":16},"end":{"line":164,"column":30}},"loc":{"start":{"line":164,"column":70},"end":{"line":180,"column":1}},"line":164},"1":{"name":"looksLikeRealName","decl":{"start":{"line":186,"column":16},"end":{"line":186,"column":33}},"loc":{"start":{"line":186,"column":58},"end":{"line":191,"column":1}},"line":186},"2":{"name":"handleFailureMessage","decl":{"start":{"line":196,"column":16},"end":{"line":196,"column":36}},"loc":{"start":{"line":196,"column":78},"end":{"line":209,"column":1}},"line":196},"3":{"name":"realNameWarningMessage","decl":{"start":{"line":214,"column":16},"end":{"line":214,"column":38}},"loc":{"start":{"line":214,"column":49},"end":{"line":219,"column":1}},"line":214}},"branchMap":{"0":{"loc":{"start":{"line":167,"column":2},"end":{"line":167,"column":66}},"type":"if","locations":[{"start":{"line":167,"column":2},"end":{"line":167,"column":66}},{"start":{},"end":{}}],"line":167},"1":{"loc":{"start":{"line":168,"column":2},"end":{"line":168,"column":84}},"type":"if","locations":[{"start":{"line":168,"column":2},"end":{"line":168,"column":84}},{"start":{},"end":{}}],"line":168},"2":{"loc":{"start":{"line":169,"column":2},"end":{"line":169,"column":83}},"type":"if","locations":[{"start":{"line":169,"column":2},"end":{"line":169,"column":83}},{"start":{},"end":{}}],"line":169},"3":{"loc":{"start":{"line":170,"column":2},"end":{"line":170,"column":83}},"type":"if","locations":[{"start":{"line":170,"column":2},"end":{"line":170,"column":83}},{"start":{},"end":{}}],"line":170},"4":{"loc":{"start":{"line":171,"column":2},"end":{"line":171,"column":78}},"type":"if","locations":[{"start":{"line":171,"column":2},"end":{"line":171,"column":78}},{"start":{},"end":{}}],"line":171},"5":{"loc":{"start":{"line":175,"column":2},"end":{"line":177,"column":3}},"type":"if","locations":[{"start":{"line":175,"column":2},"end":{"line":177,"column":3}},{"start":{},"end":{}}],"line":175},"6":{"loc":{"start":{"line":189,"column":2},"end":{"line":189,"column":52}},"type":"if","locations":[{"start":{"line":189,"column":2},"end":{"line":189,"column":52}},{"start":{},"end":{}}],"line":189},"7":{"loc":{"start":{"line":189,"column":6},"end":{"line":189,"column":37}},"type":"binary-expr","locations":[{"start":{"line":189,"column":6},"end":{"line":189,"column":21}},{"start":{"line":189,"column":25},"end":{"line":189,"column":37}}],"line":189},"8":{"loc":{"start":{"line":197,"column":2},"end":{"line":208,"column":3}},"type":"switch","locations":[{"start":{"line":198,"column":4},"end":{"line":199,"column":39}},{"start":{"line":200,"column":4},"end":{"line":201,"column":72}},{"start":{"line":202,"column":4},"end":{"line":203,"column":71}},{"start":{"line":204,"column":4},"end":{"line":205,"column":104}},{"start":{"line":206,"column":4},"end":{"line":207,"column":63}}],"line":197}},"s":{"0":1,"1":1,"2":1,"3":1,"4":1,"5":39,"6":39,"7":2,"8":37,"9":1,"10":36,"11":1,"12":35,"13":6,"14":29,"15":11,"16":18,"17":6,"18":12,"19":29,"20":29,"21":9,"22":20,"23":5,"24":1,"25":1,"26":1,"27":1,"28":1,"29":1},"f":{"0":39,"1":29,"2":5,"3":1},"b":{"0":[2,37],"1":[1,36],"2":[1,35],"3":[6,29],"4":[11,18],"5":[6,12],"6":[9,20],"7":[29,24],"8":[1,1,1,1,1]},"_coverageSchema":"1a1c01bbd47fc00a2c39e90264f33305004495a9","hash":"c08546a3d0d720ca1a5a368b5eeae15c6db1e7f9"}
,"/Users/skypie/MutualMesh/src/lib/i18n.ts": {"path":"/Users/skypie/MutualMesh/src/lib/i18n.ts","statementMap":{"0":{"start":{"line":26,"column":61},"end":{"line":26,"column":88}},"1":{"start":{"line":29,"column":69},"end":{"line":33,"column":1}},"2":{"start":{"line":36,"column":47},"end":{"line":36,"column":51}},"3":{"start":{"line":56,"column":61},"end":{"line":60,"column":1}},"4":{"start":{"line":69,"column":2},"end":{"line":69,"column":43}},"5":{"start":{"line":97,"column":2},"end":{"line":99,"column":3}},"6":{"start":{"line":98,"column":4},"end":{"line":98,"column":39}},"7":{"start":{"line":102,"column":2},"end":{"line":107,"column":3}},"8":{"start":{"line":103,"column":19},"end":{"line":103,"column":63}},"9":{"start":{"line":104,"column":4},"end":{"line":106,"column":5}},"10":{"start":{"line":105,"column":6},"end":{"line":105,"column":39}},"11":{"start":{"line":110,"column":2},"end":{"line":110,"column":24}},"12":{"start":{"line":127,"column":28},"end":{"line":127,"column":30}},"13":{"start":{"line":128,"column":2},"end":{"line":132,"column":3}},"14":{"start":{"line":129,"column":4},"end":{"line":131,"column":5}},"15":{"start":{"line":130,"column":6},"end":{"line":130,"column":24}},"16":{"start":{"line":133,"column":2},"end":{"line":133,"column":24}},"17":{"start":{"line":143,"column":15},"end":{"line":143,"column":25}},"18":{"start":{"line":144,"column":43},"end":{"line":144,"column":45}},"19":{"start":{"line":145,"column":2},"end":{"line":151,"column":3}},"20":{"start":{"line":146,"column":4},"end":{"line":146,"column":34}},"21":{"start":{"line":146,"column":25},"end":{"line":146,"column":34}},"22":{"start":{"line":147,"column":20},"end":{"line":147,"column":68}},"23":{"start":{"line":148,"column":4},"end":{"line":150,"column":5}},"24":{"start":{"line":149,"column":6},"end":{"line":149,"column":31}},"25":{"start":{"line":152,"column":2},"end":{"line":152,"column":16}},"26":{"start":{"line":163,"column":35},"end":{"line":163,"column":66}}},"fnMap":{"0":{"name":"getMessages","decl":{"start":{"line":68,"column":16},"end":{"line":68,"column":27}},"loc":{"start":{"line":68,"column":69},"end":{"line":70,"column":1}},"line":68},"1":{"name":"selectLocale","decl":{"start":{"line":91,"column":16},"end":{"line":91,"column":28}},"loc":{"start":{"line":95,"column":19},"end":{"line":111,"column":1}},"line":95},"2":{"name":"findMissingKeys","decl":{"start":{"line":123,"column":16},"end":{"line":123,"column":31}},"loc":{"start":{"line":126,"column":12},"end":{"line":134,"column":1}},"line":126},"3":{"name":"validateAllCatalogs","decl":{"start":{"line":142,"column":16},"end":{"line":142,"column":35}},"loc":{"start":{"line":142,"column":64},"end":{"line":153,"column":1}},"line":142}},"branchMap":{"0":{"loc":{"start":{"line":69,"column":9},"end":{"line":69,"column":42}},"type":"binary-expr","locations":[{"start":{"line":69,"column":9},"end":{"line":69,"column":28}},{"start":{"line":69,"column":32},"end":{"line":69,"column":42}}],"line":69},"1":{"loc":{"start":{"line":94,"column":2},"end":{"line":94,"column":50}},"type":"default-arg","locations":[{"start":{"line":94,"column":33},"end":{"line":94,"column":50}}],"line":94},"2":{"loc":{"start":{"line":97,"column":2},"end":{"line":99,"column":3}},"type":"if","locations":[{"start":{"line":97,"column":2},"end":{"line":99,"column":3}},{"start":{},"end":{}}],"line":97},"3":{"loc":{"start":{"line":97,"column":6},"end":{"line":97,"column":46}},"type":"binary-expr","locations":[{"start":{"line":97,"column":6},"end":{"line":97,"column":14}},{"start":{"line":97,"column":18},"end":{"line":97,"column":46}}],"line":97},"4":{"loc":{"start":{"line":102,"column":2},"end":{"line":107,"column":3}},"type":"if","locations":[{"start":{"line":102,"column":2},"end":{"line":107,"column":3}},{"start":{},"end":{}}],"line":102},"5":{"loc":{"start":{"line":104,"column":4},"end":{"line":106,"column":5}},"type":"if","locations":[{"start":{"line":104,"column":4},"end":{"line":106,"column":5}},{"start":{},"end":{}}],"line":104},"6":{"loc":{"start":{"line":104,"column":8},"end":{"line":104,"column":44}},"type":"binary-expr","locations":[{"start":{"line":104,"column":8},"end":{"line":104,"column":14}},{"start":{"line":104,"column":18},"end":{"line":104,"column":44}}],"line":104},"7":{"loc":{"start":{"line":129,"column":4},"end":{"line":131,"column":5}},"type":"if","locations":[{"start":{"line":129,"column":4},"end":{"line":131,"column":5}},{"start":{},"end":{}}],"line":129},"8":{"loc":{"start":{"line":129,"column":8},"end":{"line":129,"column":67}},"type":"binary-expr","locations":[{"start":{"line":129,"column":8},"end":{"line":129,"column":31}},{"start":{"line":129,"column":35},"end":{"line":129,"column":67}}],"line":129},"9":{"loc":{"start":{"line":146,"column":4},"end":{"line":146,"column":34}},"type":"if","locations":[{"start":{"line":146,"column":4},"end":{"line":146,"column":34}},{"start":{},"end":{}}],"line":146},"10":{"loc":{"start":{"line":147,"column":42},"end":{"line":147,"column":67}},"type":"binary-expr","locations":[{"start":{"line":147,"column":42},"end":{"line":147,"column":61}},{"start":{"line":147,"column":65},"end":{"line":147,"column":67}}],"line":147},"11":{"loc":{"start":{"line":148,"column":4},"end":{"line":150,"column":5}},"type":"if","locations":[{"start":{"line":148,"column":4},"end":{"line":150,"column":5}},{"start":{},"end":{}}],"line":148}},"s":{"0":1,"1":1,"2":1,"3":1,"4":3,"5":22,"6":3,"7":19,"8":15,"9":15,"10":10,"11":9,"12":8,"13":8,"14":551,"15":4,"16":8,"17":1,"18":1,"19":1,"20":3,"21":1,"22":2,"23":2,"24":0,"25":1,"26":1},"f":{"0":3,"1":22,"2":8,"3":1},"b":{"0":[3,0],"1":[20],"2":[3,19],"3":[22,5],"4":[15,4],"5":[10,5],"6":[15,15],"7":[4,547],"8":[551,547],"9":[1,2],"10":[2,0],"11":[0,2]},"_coverageSchema":"1a1c01bbd47fc00a2c39e90264f33305004495a9","hash":"e0bd362e60e24e2bb1bedfdf754a32e0be404c68"}
,"/Users/skypie/MutualMesh/src/lib/mapHelpers.ts": {"path":"/Users/skypie/MutualMesh/src/lib/mapHelpers.ts","statementMap":{"0":{"start":{"line":43,"column":41},"end":{"line":48,"column":1}},"1":{"start":{"line":58,"column":30},"end":{"line":58,"column":32}},"2":{"start":{"line":65,"column":25},"end":{"line":65,"column":29}},"3":{"start":{"line":74,"column":28},"end":{"line":74,"column":76}},"4":{"start":{"line":87,"column":2},"end":{"line":89,"column":3}},"5":{"start":{"line":88,"column":4},"end":{"line":88,"column":18}},"6":{"start":{"line":90,"column":2},"end":{"line":94,"column":4}},"7":{"start":{"line":118,"column":2},"end":{"line":118,"column":54}},"8":{"start":{"line":118,"column":32},"end":{"line":118,"column":54}},"9":{"start":{"line":120,"column":49},"end":{"line":120,"column":51}},"10":{"start":{"line":121,"column":2},"end":{"line":124,"column":3}},"11":{"start":{"line":122,"column":19},"end":{"line":122,"column":42}},"12":{"start":{"line":123,"column":4},"end":{"line":123,"column":36}},"13":{"start":{"line":123,"column":16},"end":{"line":123,"column":36}},"14":{"start":{"line":126,"column":2},"end":{"line":126,"column":49}},"15":{"start":{"line":126,"column":27},"end":{"line":126,"column":49}},"16":{"start":{"line":128,"column":15},"end":{"line":128,"column":29}},"17":{"start":{"line":129,"column":15},"end":{"line":129,"column":29}},"18":{"start":{"line":130,"column":15},"end":{"line":130,"column":29}},"19":{"start":{"line":131,"column":15},"end":{"line":131,"column":29}},"20":{"start":{"line":133,"column":2},"end":{"line":138,"column":3}},"21":{"start":{"line":134,"column":4},"end":{"line":134,"column":39}},"22":{"start":{"line":134,"column":24},"end":{"line":134,"column":39}},"23":{"start":{"line":135,"column":4},"end":{"line":135,"column":39}},"24":{"start":{"line":135,"column":24},"end":{"line":135,"column":39}},"25":{"start":{"line":136,"column":4},"end":{"line":136,"column":39}},"26":{"start":{"line":136,"column":24},"end":{"line":136,"column":39}},"27":{"start":{"line":137,"column":4},"end":{"line":137,"column":39}},"28":{"start":{"line":137,"column":24},"end":{"line":137,"column":39}},"29":{"start":{"line":140,"column":19},"end":{"line":140,"column":63}},"30":{"start":{"line":141,"column":19},"end":{"line":141,"column":63}},"31":{"start":{"line":143,"column":2},"end":{"line":148,"column":4}},"32":{"start":{"line":156,"column":2},"end":{"line":161,"column":4}},"33":{"start":{"line":175,"column":88},"end":{"line":191,"column":2}},"34":{"start":{"line":207,"column":72},"end":{"line":212,"column":1}},"35":{"start":{"line":217,"column":71},"end":{"line":222,"column":1}},"36":{"start":{"line":227,"column":36},"end":{"line":227,"column":61}},"37":{"start":{"line":228,"column":35},"end":{"line":228,"column":60}}},"fnMap":{"0":{"name":"clampRegionZoom","decl":{"start":{"line":86,"column":16},"end":{"line":86,"column":31}},"loc":{"start":{"line":86,"column":62},"end":{"line":95,"column":1}},"line":86},"1":{"name":"regionForDescriptors","decl":{"start":{"line":114,"column":16},"end":{"line":114,"column":36}},"loc":{"start":{"line":117,"column":13},"end":{"line":149,"column":1}},"line":117},"2":{"name":"regionsAreClose","decl":{"start":{"line":155,"column":16},"end":{"line":155,"column":31}},"loc":{"start":{"line":155,"column":88},"end":{"line":162,"column":1}},"line":155}},"branchMap":{"0":{"loc":{"start":{"line":87,"column":2},"end":{"line":89,"column":3}},"type":"if","locations":[{"start":{"line":87,"column":2},"end":{"line":89,"column":3}},{"start":{},"end":{}}],"line":87},"1":{"loc":{"start":{"line":87,"column":6},"end":{"line":87,"column":77}},"type":"binary-expr","locations":[{"start":{"line":87,"column":6},"end":{"line":87,"column":39}},{"start":{"line":87,"column":43},"end":{"line":87,"column":77}}],"line":87},"2":{"loc":{"start":{"line":118,"column":2},"end":{"line":118,"column":54}},"type":"if","locations":[{"start":{"line":118,"column":2},"end":{"line":118,"column":54}},{"start":{},"end":{}}],"line":118},"3":{"loc":{"start":{"line":123,"column":4},"end":{"line":123,"column":36}},"type":"if","locations":[{"start":{"line":123,"column":4},"end":{"line":123,"column":36}},{"start":{},"end":{}}],"line":123},"4":{"loc":{"start":{"line":126,"column":2},"end":{"line":126,"column":49}},"type":"if","locations":[{"start":{"line":126,"column":2},"end":{"line":126,"column":49}},{"start":{},"end":{}}],"line":126},"5":{"loc":{"start":{"line":134,"column":4},"end":{"line":134,"column":39}},"type":"if","locations":[{"start":{"line":134,"column":4},"end":{"line":134,"column":39}},{"start":{},"end":{}}],"line":134},"6":{"loc":{"start":{"line":135,"column":4},"end":{"line":135,"column":39}},"type":"if","locations":[{"start":{"line":135,"column":4},"end":{"line":135,"column":39}},{"start":{},"end":{}}],"line":135},"7":{"loc":{"start":{"line":136,"column":4},"end":{"line":136,"column":39}},"type":"if","locations":[{"start":{"line":136,"column":4},"end":{"line":136,"column":39}},{"start":{},"end":{}}],"line":136},"8":{"loc":{"start":{"line":137,"column":4},"end":{"line":137,"column":39}},"type":"if","locations":[{"start":{"line":137,"column":4},"end":{"line":137,"column":39}},{"start":{},"end":{}}],"line":137},"9":{"loc":{"start":{"line":155,"column":60},"end":{"line":155,"column":77}},"type":"default-arg","locations":[{"start":{"line":155,"column":72},"end":{"line":155,"column":77}}],"line":155},"10":{"loc":{"start":{"line":157,"column":4},"end":{"line":160,"column":61}},"type":"binary-expr","locations":[{"start":{"line":157,"column":4},"end":{"line":157,"column":49}},{"start":{"line":158,"column":4},"end":{"line":158,"column":51}},{"start":{"line":159,"column":4},"end":{"line":159,"column":59}},{"start":{"line":160,"column":4},"end":{"line":160,"column":61}}],"line":157}},"s":{"0":1,"1":1,"2":1,"3":1,"4":5,"5":1,"6":4,"7":6,"8":1,"9":5,"10":5,"11":7,"12":7,"13":5,"14":5,"15":1,"16":4,"17":4,"18":4,"19":4,"20":4,"21":5,"22":0,"23":5,"24":1,"25":5,"26":0,"27":5,"28":1,"29":4,"30":4,"31":4,"32":5,"33":1,"34":1,"35":1,"36":1,"37":1},"f":{"0":5,"1":6,"2":5},"b":{"0":[1,4],"1":[5,2],"2":[1,5],"3":[5,2],"4":[1,4],"5":[0,5],"6":[1,4],"7":[0,5],"8":[1,4],"9":[3],"10":[5,3,3,3]},"_coverageSchema":"1a1c01bbd47fc00a2c39e90264f33305004495a9","hash":"dd83e23e8b897f7e08128a366a955d1a15263dab"}
,"/Users/skypie/MutualMesh/src/lib/onboardingCopy.ts": {"path":"/Users/skypie/MutualMesh/src/lib/onboardingCopy.ts","statementMap":{"0":{"start":{"line":42,"column":59},"end":{"line":67,"column":10}},"1":{"start":{"line":70,"column":37},"end":{"line":70,"column":60}}},"fnMap":{},"branchMap":{},"s":{"0":1,"1":1},"f":{},"b":{},"_coverageSchema":"1a1c01bbd47fc00a2c39e90264f33305004495a9","hash":"e1bde04e67a27b69f1ceafb52281f182b9b4fefd"}
,"/Users/skypie/MutualMesh/src/lib/pickupConfirm.ts": {"path":"/Users/skypie/MutualMesh/src/lib/pickupConfirm.ts","statementMap":{"0":{"start":{"line":33,"column":2},"end":{"line":33,"column":51}},"1":{"start":{"line":33,"column":38},"end":{"line":33,"column":51}},"2":{"start":{"line":34,"column":2},"end":{"line":34,"column":49}},"3":{"start":{"line":34,"column":37},"end":{"line":34,"column":49}},"4":{"start":{"line":35,"column":2},"end":{"line":35,"column":82}},"5":{"start":{"line":35,"column":70},"end":{"line":35,"column":82}},"6":{"start":{"line":36,"column":2},"end":{"line":36,"column":15}},"7":{"start":{"line":55,"column":2},"end":{"line":55,"column":49}},"8":{"start":{"line":55,"column":37},"end":{"line":55,"column":49}},"9":{"start":{"line":56,"column":2},"end":{"line":58,"column":3}},"10":{"start":{"line":57,"column":4},"end":{"line":57,"column":30}},"11":{"start":{"line":59,"column":2},"end":{"line":59,"column":64}},"12":{"start":{"line":59,"column":37},"end":{"line":59,"column":64}},"13":{"start":{"line":60,"column":2},"end":{"line":60,"column":14}},"14":{"start":{"line":70,"column":2},"end":{"line":72,"column":3}},"15":{"start":{"line":71,"column":4},"end":{"line":71,"column":70}},"16":{"start":{"line":73,"column":2},"end":{"line":73,"column":75}}},"fnMap":{"0":{"name":"canConfirm","decl":{"start":{"line":29,"column":16},"end":{"line":29,"column":26}},"loc":{"start":{"line":32,"column":11},"end":{"line":37,"column":1}},"line":32},"1":{"name":"getConfirmButtonCopy","decl":{"start":{"line":51,"column":16},"end":{"line":51,"column":36}},"loc":{"start":{"line":54,"column":28},"end":{"line":61,"column":1}},"line":54},"2":{"name":"getConfirmButtonHint","decl":{"start":{"line":69,"column":16},"end":{"line":69,"column":36}},"loc":{"start":{"line":69,"column":70},"end":{"line":74,"column":1}},"line":69}},"branchMap":{"0":{"loc":{"start":{"line":33,"column":2},"end":{"line":33,"column":51}},"type":"if","locations":[{"start":{"line":33,"column":2},"end":{"line":33,"column":51}},{"start":{},"end":{}}],"line":33},"1":{"loc":{"start":{"line":34,"column":2},"end":{"line":34,"column":49}},"type":"if","locations":[{"start":{"line":34,"column":2},"end":{"line":34,"column":49}},{"start":{},"end":{}}],"line":34},"2":{"loc":{"start":{"line":35,"column":2},"end":{"line":35,"column":82}},"type":"if","locations":[{"start":{"line":35,"column":2},"end":{"line":35,"column":82}},{"start":{},"end":{}}],"line":35},"3":{"loc":{"start":{"line":35,"column":6},"end":{"line":35,"column":68}},"type":"binary-expr","locations":[{"start":{"line":35,"column":6},"end":{"line":35,"column":34}},{"start":{"line":35,"column":38},"end":{"line":35,"column":68}}],"line":35},"4":{"loc":{"start":{"line":55,"column":2},"end":{"line":55,"column":49}},"type":"if","locations":[{"start":{"line":55,"column":2},"end":{"line":55,"column":49}},{"start":{},"end":{}}],"line":55},"5":{"loc":{"start":{"line":56,"column":2},"end":{"line":58,"column":3}},"type":"if","locations":[{"start":{"line":56,"column":2},"end":{"line":58,"column":3}},{"start":{},"end":{}}],"line":56},"6":{"loc":{"start":{"line":56,"column":6},"end":{"line":56,"column":68}},"type":"binary-expr","locations":[{"start":{"line":56,"column":6},"end":{"line":56,"column":34}},{"start":{"line":56,"column":38},"end":{"line":56,"column":68}}],"line":56},"7":{"loc":{"start":{"line":59,"column":2},"end":{"line":59,"column":64}},"type":"if","locations":[{"start":{"line":59,"column":2},"end":{"line":59,"column":64}},{"start":{},"end":{}}],"line":59},"8":{"loc":{"start":{"line":70,"column":2},"end":{"line":72,"column":3}},"type":"if","locations":[{"start":{"line":70,"column":2},"end":{"line":72,"column":3}},{"start":{},"end":{}}],"line":70}},"s":{"0":20,"1":11,"2":9,"3":4,"4":5,"5":2,"6":3,"7":8,"8":5,"9":3,"10":2,"11":1,"12":1,"13":0,"14":2,"15":1,"16":1},"f":{"0":20,"1":8,"2":2},"b":{"0":[11,9],"1":[4,5],"2":[2,3],"3":[5,4],"4":[5,3],"5":[2,1],"6":[3,3],"7":[1,0],"8":[1,1]},"_coverageSchema":"1a1c01bbd47fc00a2c39e90264f33305004495a9","hash":"99d10505c2fe821d83bcf9cf610e03d2832bca8d"}
,"/Users/skypie/MutualMesh/src/lib/policyText.ts": {"path":"/Users/skypie/MutualMesh/src/lib/policyText.ts","statementMap":{"0":{"start":{"line":27,"column":35},"end":{"line":123,"column":1}},"1":{"start":{"line":125,"column":37},"end":{"line":232,"column":1}}},"fnMap":{},"branchMap":{},"s":{"0":1,"1":1},"f":{},"b":{},"_coverageSchema":"1a1c01bbd47fc00a2c39e90264f33305004495a9","hash":"ea0b04bcb5ca2b8d4912299caf0514137a9420bf"}
,"/Users/skypie/MutualMesh/src/lib/pushPreferences.ts": {"path":"/Users/skypie/MutualMesh/src/lib/pushPreferences.ts","statementMap":{"0":{"start":{"line":29,"column":57},"end":{"line":35,"column":1}},"1":{"start":{"line":41,"column":92},"end":{"line":46,"column":10}},"2":{"start":{"line":54,"column":67},"end":{"line":59,"column":1}},"3":{"start":{"line":65,"column":70},"end":{"line":70,"column":1}},"4":{"start":{"line":89,"column":36},"end":{"line":89,"column":68}},"5":{"start":{"line":90,"column":2},"end":{"line":90,"column":37}},"6":{"start":{"line":90,"column":14},"end":{"line":90,"column":37}},"7":{"start":{"line":92,"column":32},"end":{"line":95,"column":3}},"8":{"start":{"line":100,"column":2},"end":{"line":105,"column":3}},"9":{"start":{"line":101,"column":4},"end":{"line":101,"column":26}},"10":{"start":{"line":102,"column":4},"end":{"line":102,"column":27}},"11":{"start":{"line":103,"column":4},"end":{"line":103,"column":28}},"12":{"start":{"line":104,"column":4},"end":{"line":104,"column":27}},"13":{"start":{"line":107,"column":2},"end":{"line":107,"column":14}},"14":{"start":{"line":120,"column":15},"end":{"line":120,"column":48}},"15":{"start":{"line":121,"column":2},"end":{"line":121,"column":42}},"16":{"start":{"line":121,"column":29},"end":{"line":121,"column":42}},"17":{"start":{"line":122,"column":2},"end":{"line":122,"column":87}},"18":{"start":{"line":134,"column":15},"end":{"line":134,"column":48}},"19":{"start":{"line":135,"column":2},"end":{"line":135,"column":42}},"20":{"start":{"line":135,"column":29},"end":{"line":135,"column":42}},"21":{"start":{"line":136,"column":2},"end":{"line":136,"column":32}},"22":{"start":{"line":145,"column":2},"end":{"line":145,"column":41}}},"fnMap":{"0":{"name":"mergePushPreferences","decl":{"start":{"line":85,"column":16},"end":{"line":85,"column":36}},"loc":{"start":{"line":88,"column":19},"end":{"line":108,"column":1}},"line":88},"1":{"name":"hasAnyTriggerEnabled","decl":{"start":{"line":119,"column":16},"end":{"line":119,"column":36}},"loc":{"start":{"line":119,"column":89},"end":{"line":123,"column":1}},"line":119},"2":{"name":"shouldDeliverFor","decl":{"start":{"line":130,"column":16},"end":{"line":130,"column":32}},"loc":{"start":{"line":133,"column":11},"end":{"line":137,"column":1}},"line":133},"3":{"name":"disableAllPushPreferences","decl":{"start":{"line":144,"column":16},"end":{"line":144,"column":41}},"loc":{"start":{"line":144,"column":61},"end":{"line":146,"column":1}},"line":144}},"branchMap":{"0":{"loc":{"start":{"line":89,"column":36},"end":{"line":89,"column":68}},"type":"binary-expr","locations":[{"start":{"line":89,"column":36},"end":{"line":89,"column":40}},{"start":{"line":89,"column":44},"end":{"line":89,"column":68}}],"line":89},"1":{"loc":{"start":{"line":90,"column":2},"end":{"line":90,"column":37}},"type":"if","locations":[{"start":{"line":90,"column":2},"end":{"line":90,"column":37}},{"start":{},"end":{}}],"line":90},"2":{"loc":{"start":{"line":100,"column":2},"end":{"line":105,"column":3}},"type":"if","locations":[{"start":{"line":100,"column":2},"end":{"line":105,"column":3}},{"start":{},"end":{}}],"line":100},"3":{"loc":{"start":{"line":120,"column":15},"end":{"line":120,"column":48}},"type":"binary-expr","locations":[{"start":{"line":120,"column":15},"end":{"line":120,"column":20}},{"start":{"line":120,"column":24},"end":{"line":120,"column":48}}],"line":120},"4":{"loc":{"start":{"line":121,"column":2},"end":{"line":121,"column":42}},"type":"if","locations":[{"start":{"line":121,"column":2},"end":{"line":121,"column":42}},{"start":{},"end":{}}],"line":121},"5":{"loc":{"start":{"line":122,"column":17},"end":{"line":122,"column":85}},"type":"binary-expr","locations":[{"start":{"line":122,"column":17},"end":{"line":122,"column":30}},{"start":{"line":122,"column":34},"end":{"line":122,"column":48}},{"start":{"line":122,"column":52},"end":{"line":122,"column":67}},{"start":{"line":122,"column":71},"end":{"line":122,"column":85}}],"line":122},"6":{"loc":{"start":{"line":134,"column":15},"end":{"line":134,"column":48}},"type":"binary-expr","locations":[{"start":{"line":134,"column":15},"end":{"line":134,"column":20}},{"start":{"line":134,"column":24},"end":{"line":134,"column":48}}],"line":134},"7":{"loc":{"start":{"line":135,"column":2},"end":{"line":135,"column":42}},"type":"if","locations":[{"start":{"line":135,"column":2},"end":{"line":135,"column":42}},{"start":{},"end":{}}],"line":135}},"s":{"0":1,"1":1,"2":1,"3":1,"4":8,"5":8,"6":2,"7":6,"8":6,"9":3,"10":3,"11":3,"12":3,"13":6,"14":7,"15":7,"16":4,"17":3,"18":17,"19":17,"20":12,"21":5,"22":3},"f":{"0":8,"1":7,"2":17,"3":3},"b":{"0":[8,4],"1":[2,6],"2":[3,3],"3":[7,2],"4":[4,3],"5":[3,1,1,1],"6":[17,8],"7":[12,5]},"_coverageSchema":"1a1c01bbd47fc00a2c39e90264f33305004495a9","hash":"2a0771253e4f54dd3ab20f776238501f859fc4a1"}
,"/Users/skypie/MutualMesh/src/lib/resourcesRealtime.ts": {"path":"/Users/skypie/MutualMesh/src/lib/resourcesRealtime.ts","statementMap":{"0":{"start":{"line":48,"column":2},"end":{"line":67,"column":3}},"1":{"start":{"line":50,"column":6},"end":{"line":50,"column":65}},"2":{"start":{"line":50,"column":28},"end":{"line":50,"column":49}},"3":{"start":{"line":50,"column":52},"end":{"line":50,"column":65}},"4":{"start":{"line":51,"column":6},"end":{"line":51,"column":35}},"5":{"start":{"line":53,"column":20},"end":{"line":53,"column":25}},"6":{"start":{"line":54,"column":19},"end":{"line":60,"column":8}},"7":{"start":{"line":55,"column":8},"end":{"line":58,"column":9}},"8":{"start":{"line":56,"column":10},"end":{"line":56,"column":25}},"9":{"start":{"line":57,"column":10},"end":{"line":57,"column":27}},"10":{"start":{"line":59,"column":8},"end":{"line":59,"column":17}},"11":{"start":{"line":61,"column":6},"end":{"line":61,"column":36}},"12":{"start":{"line":64,"column":19},"end":{"line":64,"column":61}},"13":{"start":{"line":64,"column":39},"end":{"line":64,"column":60}},"14":{"start":{"line":65,"column":6},"end":{"line":65,"column":57}},"15":{"start":{"line":79,"column":2},"end":{"line":79,"column":77}},"16":{"start":{"line":79,"column":41},"end":{"line":79,"column":68}},"17":{"start":{"line":82,"column":41},"end":{"line":82,"column":52}},"18":{"start":{"line":88,"column":2},"end":{"line":88,"column":60}},"19":{"start":{"line":88,"column":29},"end":{"line":88,"column":58}},"20":{"start":{"line":99,"column":20},"end":{"line":103,"column":3}},"21":{"start":{"line":100,"column":4},"end":{"line":100,"column":21}},"22":{"start":{"line":100,"column":12},"end":{"line":100,"column":21}},"23":{"start":{"line":101,"column":14},"end":{"line":101,"column":27}},"24":{"start":{"line":102,"column":4},"end":{"line":102,"column":38}},"25":{"start":{"line":104,"column":2},"end":{"line":104,"column":86}},"26":{"start":{"line":104,"column":35},"end":{"line":104,"column":84}}},"fnMap":{"0":{"name":"applyResourceDelta","decl":{"start":{"line":44,"column":16},"end":{"line":44,"column":34}},"loc":{"start":{"line":47,"column":7},"end":{"line":68,"column":1}},"line":47},"1":{"name":"(anonymous_1)","decl":{"start":{"line":50,"column":21},"end":{"line":50,"column":22}},"loc":{"start":{"line":50,"column":28},"end":{"line":50,"column":49}},"line":50},"2":{"name":"(anonymous_2)","decl":{"start":{"line":54,"column":29},"end":{"line":54,"column":30}},"loc":{"start":{"line":54,"column":36},"end":{"line":60,"column":7}},"line":54},"3":{"name":"(anonymous_3)","decl":{"start":{"line":64,"column":32},"end":{"line":64,"column":33}},"loc":{"start":{"line":64,"column":39},"end":{"line":64,"column":60}},"line":64},"4":{"name":"applyResourceDeltas","decl":{"start":{"line":75,"column":16},"end":{"line":75,"column":35}},"loc":{"start":{"line":78,"column":7},"end":{"line":80,"column":1}},"line":78},"5":{"name":"(anonymou
[...]
,"/Users/skypie/MutualMesh/src/lib/theme.ts": {"path":"/Users/skypie/MutualMesh/src/lib/theme.ts","statementMap":{"0":{"start":{"line":15,"column":22},"end":{"line":44,"column":10}},"1":{"start":{"line":46,"column":21},"end":{"line":50,"column":10}},"2":{"start":{"line":52,"column":23},"end":{"line":59,"column":10}},"3":{"start":{"line":61,"column":26},"end":{"line":71,"column":10}},"4":{"start":{"line":73,"column":22},"end":{"line":77,"column":10}},"5":{"start":{"line":80,"column":32},"end":{"line":80,"column":34}},"6":{"start":{"line":86,"column":2},"end":{"line":86,"column":22}}},"fnMap":{"0":{"name":"paletteFor","decl":{"start":{"line":85,"column":16},"end":{"line":85,"column":26}},"loc":{"start":{"line":85,"column":62},"end":{"line":87,"column":1}},"line":85}},"branchMap":{},"s":{"0":1,"1":1,"2":1,"3":1,"4":1,"5":1,"6":0},"f":{"0":0},"b":{},"_coverageSchema":"1a1c01bbd47fc00a2c39e90264f33305004495a9","hash":"da8cf06f9799f061f384459b3cac861993aff3ab"}
,"/Users/skypie/MutualMesh/src/lib/typedConfirmation.ts": {"path":"/Users/skypie/MutualMesh/src/lib/typedConfirmation.ts","statementMap":{"0":{"start":{"line":48,"column":35},"end":{"line":48,"column":39}},"1":{"start":{"line":49,"column":2},"end":{"line":49,"column":47}},"2":{"start":{"line":49,"column":21},"end":{"line":49,"column":47}},"3":{"start":{"line":50,"column":2},"end":{"line":50,"column":56}},"4":{"start":{"line":59,"column":2},"end":{"line":59,"column":42}}},"fnMap":{"0":{"name":"typedConfirmationMatches","decl":{"start":{"line":43,"column":16},"end":{"line":43,"column":40}},"loc":{"start":{"line":47,"column":11},"end":{"line":51,"column":1}},"line":47},"1":{"name":"typedConfirmationPrompt","decl":{"start":{"line":58,"column":16},"end":{"line":58,"column":39}},"loc":{"start":{"line":58,"column":66},"end":{"line":60,"column":1}},"line":58}},"branchMap":{"0":{"loc":{"start":{"line":46,"column":2},"end":{"line":46,"column":37}},"type":"default-arg","locations":[{"start":{"line":46,"column":35},"end":{"line":46,"column":37}}],"line":46},"1":{"loc":{"start":{"line":48,"column":10},"end":{"line":48,"column":30}},"type":"default-arg","locations":[{"start":{"line":48,"column":26},"end":{"line":48,"column":30}}],"line":48},"2":{"loc":{"start":{"line":49,"column":2},"end":{"line":49,"column":47}},"type":"if","locations":[{"start":{"line":49,"column":2},"end":{"line":49,"column":47}},{"start":{},"end":{}}],"line":49}},"s":{"0":18,"1":18,"2":14,"3":4,"4":3},"f":{"0":18,"1":3},"b":{"0":[14],"1":[14],"2":[14,4]},"_coverageSchema":"1a1c01bbd47fc00a2c39e90264f33305004495a9","hash":"40f21b1cbf2d7be3f9d3d9e311da84d150719de7"}
,"/Users/skypie/MutualMesh/src/lib/verification.ts": {"path":"/Users/skypie/MutualMesh/src/lib/verification.ts","statementMap":{"0":{"start":{"line":54,"column":2},"end":{"line":54,"column":39}},"1":{"start":{"line":54,"column":22},"end":{"line":54,"column":39}},"2":{"start":{"line":55,"column":2},"end":{"line":55,"column":47}},"3":{"start":{"line":55,"column":33},"end":{"line":55,"column":47}},"4":{"start":{"line":56,"column":2},"end":{"line":56,"column":16}},"5":{"start":{"line":64,"column":16},"end":{"line":64,"column":35}},"6":{"start":{"line":65,"column":2},"end":{"line":65,"column":50}},"7":{"start":{"line":65,"column":27},"end":{"line":65,"column":50}},"8":{"start":{"line":66,"column":2},"end":{"line":69,"column":3}},"9":{"start":{"line":67,"column":4},"end":{"line":67,"column":69}},"10":{"start":{"line":67,"column":36},"end":{"line":67,"column":69}},"11":{"start":{"line":68,"column":4},"end":{"line":68,"column":41}},"12":{"start":{"line":70,"column":2},"end":{"line":70,"column":27}},"13":{"start":{"line":98,"column":2},"end":{"line":98,"column":39}},"14":{"start":{"line":111,"column":2},"end":{"line":111,"column":37}},"15":{"start":{"line":111,"column":21},"end":{"line":111,"column":37}},"16":{"start":{"line":112,"column":2},"end":{"line":112,"column":39}},"17":{"start":{"line":112,"column":22},"end":{"line":112,"column":39}},"18":{"start":{"line":113,"column":2},"end":{"line":113,"column":46}},"19":{"start":{"line":113,"column":30},"end":{"line":113,"column":46}},"20":{"start":{"line":114,"column":2},"end":{"line":114,"column":72}},"21":{"start":{"line":114,"column":46},"end":{"line":114,"column":72}},"22":{"start":{"line":115,"column":2},"end":{"line":115,"column":56}},"23":{"start":{"line":115,"column":42},"end":{"line":115,"column":56}},"24":{"start":{"line":116,"column":2},"end":{"line":116,"column":16}}},"fnMap":{"0":{"name":"routeForGate","decl":{"start":{"line":53,"column":16},"end":{"line":53,"column":28}},"loc":{"start":{"line":53,"column":58},"end":{"line":57,"column":1}},"line":53},"1":{"name":"describeGate","decl":{"start":{"line":63,"column":16},"end":{"line":63,"column":28}},"loc":{"start":{"line":63,"column":55},"end":{"line":71,"column":1}},"line":63},"2":{"name":"isProfilePending","decl":{"start":{"line":97,"column":16},"end":{"line":97,"column":32}},"loc":{"start":{"line":97,"column":58},"end":{"line":99,"column":1}},"line":97},"3":{"name":"decideGateRoute","decl":{"start":{"line":110,"column":16},"end":{"line":110,"column":31}},"loc":{"start":{"line":110,"column":73},"end":{"line":117,"column":1}},"line":110}},"branchMap":{"0":{"loc":{"start":{"line":54,"column":2},"end":{"line":54,"column":39}},"type":"if","locations":[{"start":{"line":54,"column":2},"end":{"line":54,"column":39}},{"start":{},"end":{}}],"line":54},"1":{"loc":{"start":{"line":55,"column":2},"end":{"line":55,"column":47}},"type":"if","locations":[{"start":{"line":55,"column":2},"end":{"line":55,"column":47}},{"start":{},"end":{}}],"line":55},"2":{"loc":{"start":{"line":65,"column":2},"end":{"line":65,"column":50}},"type":"if","locations":[{"start":{"line":65,"column":2},"end":{"line":65,"column":50}},{"start":{},"end":{}}],"line":65},"3":{"loc":{"start":{"line":66,"column":2},"end":{"line":69,"column":3}},"type":"if","locations":[{"start":{"line":66,"column":2},"end":{"line":69,"column":3}},{"start":{},"end":{}}],"line":66},"4":{"loc":{"start":{"line":67,"column":4},"end":{"line":67,"column":69}},"type":"if","locations":[{"start":{"line":67,"column":4},"end":{"line":67,"column":69}},{"start":{},"end":{}}],"line":67},"5":{"loc":{"start":{"line":111,"column":2},"end":{"line":111,"column":37}},"type":"if","locations":[{"start":{"line":111,"column":2},"end":{"line":111,"column":37}},{"start":{},"end":{}}],"line":111},"6":{"loc":{"start":{"line":112,"column":2},"end":{"line":112,"column":39}},"type":"if","locations":[{"start":{"line":112,"column":2},"end":{"line":112,"column":39}},{"start":{},"end":{}}],"line":112},"7":{"loc":{"start":{"line":113,"column":2},"end":{"line":113,"column":46}},"type":"if","locations":[{"start":{"line":113,"column":2},"end":{"line":113,"column":46}},{"start":{},"end":{}}],"line":113},"8":{"loc":{"start":{"line":114,"column":2},"end":{"line":114,"column":72}},"type":"if","locations":[{"start":{"line":114,"column":2},"end":{"line":114,"column":72}},{"start":{},"end":{}}],"line":114},"9":{"loc":{"start":{"line":115,"column":2},"end":{"line":115,"column":56}},"type":"if","locations":[{"start":{"line":115,"column":2},"end":{"line":115,"column":56}},{"start":{},"end":{}}],"line":115}},"s":{"0":12,"1":4,"2":8,"3":2,"4":6,"5":4,"6":4,"7":1,"8":3,"9":2,"10":1,"11":1,"12":1,"13":11,"14":15,"15":4,"16":11,"17":1,"18":10,"19":1,"20":9,"21":2,"22":7,"23":5,"24":2},"f":{"0":12,"1":4,"2":11,"3":15},"b":{"0":[4,8],"1":[2,6],"2":[1,3],"3":[2,1],"4":[1,1],"5":[4,11],"6":[1,10],"7":[1,9],"8":[2,7],"9":[5,2]},"_coverageSchema":"1a1c01bbd47fc00a2c39e90264f33305004495a9","hash":"e5b428adc04b2a91bf0b474eec73ec8fba3f6271"}
,"/Users/skypie/MutualMesh/src/lib/verificationQueue.ts": {"path":"/Users/skypie/MutualMesh/src/lib/verificationQueue.ts","statementMap":{"0":{"start":{"line":39,"column":42},"end":{"line":46,"column":10}},"1":{"start":{"line":78,"column":2},"end":{"line":78,"column":40}},"2":{"start":{"line":89,"column":2},"end":{"line":89,"column":61}},"3":{"start":{"line":89,"column":28},"end":{"line":89,"column":59}},"4":{"start":{"line":129,"column":2},"end":{"line":166,"column":3}},"5":{"start":{"line":132,"column":6},"end":{"line":132,"column":55}},"6":{"start":{"line":132,"column":42},"end":{"line":132,"column":55}},"7":{"start":{"line":133,"column":6},"end":{"line":135,"column":7}},"8":{"start":{"line":134,"column":8},"end":{"line":134,"column":21}},"9":{"start":{"line":136,"column":6},"end":{"line":136,"column":65}},"10":{"start":{"line":136,"column":28},"end":{"line":136,"column":49}},"11":{"start":{"line":136,"column":52},"end":{"line":136,"column":65}},"12":{"start":{"line":137,"column":6},"end":{"line":137,"column":35}},"13":{"start":{"line":140,"column":28},"end":{"line":140,"column":58}},"14":{"start":{"line":142,"column":8},"end":{"line":142,"column":88}},"15":{"start":{"line":145,"column":6},"end":{"line":148,"column":7}},"16":{"start":{"line":146,"column":21},"end":{"line":146,"column":63}},"17":{"start":{"line":146,"column":41},"end":{"line":146,"column":62}},"18":{"start":{"line":147,"column":8},"end":{"line":147,"column":59}},"19":{"start":{"line":150,"column":20},"end":{"line":150,"column":25}},"20":{"start":{"line":151,"column":19},"end":{"line":157,"column":8}},"21":{"start":{"line":152,"column":8},"end":{"line":155,"column":9}},"22":{"start":{"line":153,"column":10},"end":{"line":153,"column":25}},"23":{"start":{"line":154,"column":10},"end":{"line":154,"column":27}},"24":{"start":{"line":156,"column":8},"end":{"line":156,"column":17}},"25":{"start":{"line":158,"column":6},"end":{"line":158,"column":31}},"26":{"start":{"line":158,"column":19},"end":{"line":158,"column":31}},"27":{"start":{"line":160,"column":6},"end":{"line":160,"column":35}},"28":{"start":{"line":163,"column":19},"end":{"line":163,"column":61}},"29":{"start":{"line":163,"column":39},"end":{"line":163,"column":60}},"30":{"start":{"line":164,"column":6},"end":{"line":164,"column":57}},"31":{"start":{"line":199,"column":2},"end":{"line":206,"column":4}},"32":{"start":{"line":220,"column":15},"end":{"line":220,"column":36}},"33":{"start":{"line":221,"column":2},"end":{"line":221,"column":48}},"34":{"start":{"line":221,"column":30},"end":{"line":221,"column":48}},"35":{"start":{"line":222,"column":18},"end":{"line":222,"column":41}},"36":{"start":{"line":223,"column":18},"end":{"line":223,"column":44}},"37":{"start":{"line":224,"column":2},"end":{"line":224,"column":38}},"38":{"start":{"line":224,"column":20},"end":{"line":224,"column":38}},"39":{"start":{"line":225,"column":18},"end":{"line":225,"column":42}},"40":{"start":{"line":226,"column":2},"end":{"line":226,"column":45}},"41":{"start":{"line":226,"column":20},"end":{"line":226,"column":45}},"42":{"start":{"line":227,"column":16},"end":{"line":227,"column":40}},"43":{"start":{"line":228,"column":2},"end":{"line":228,"column":41}},"44":{"start":{"line":228,"column":18},"end":{"line":228,"column":41}},"45":{"start":{"line":229,"column":15},"end":{"line":229,"column":37}},"46":{"start":{"line":230,"column":2},"end":{"line":230,"column":39}},"47":{"start":{"line":230,"column":17},"end":{"line":230,"column":39}},"48":{"start":{"line":232,"column":2},"end":{"line":232,"column":51}}},"fnMap":{"0":{"name":"isQueueEligibleHandle","decl":{"start":{"line":77,"column":16},"end":{"line":77,"column":37}},"loc":{"start":{"line":77,"column":63},"end":{"line":79,"column":1}},"line":77},"1":{"name":"filterQueueEligible","decl":{"start":{"line":88,"column":16},"end":{"line":88,"column":35}},"loc":{"start":{"line":88,"column":82},"end":{"line":90,"column":1}},"line":88},"2":{"name":"(anonymous_2)","decl":{"start":{"line":89,"column":21},"end":{"line":89,"column":22}},"loc":{"start":{"line":89,"column":28},"end":{"line":89,"column":59}},"line":89},"3":{"name":"applyVerificationDelta","decl":{"start":{"line":125,"column":16},"end":{"line":125,"column":38}},"loc":{"start":{"line":128,"column":7},"end":{"line":167,"column":1}},"line":128},"4":{"name":"(anonymous_4)","decl":{"start":{"line":136,"column":21},"end":{"line":136,"column":22}},"loc":{"start":{"line":136,"column":28},"end":{"line":136,"column":49}},"line":136},"5":{"name":"(anonymous_5)","decl":{"start":{"line":146,"column":34},"end":{"line":146,"column":35}},"loc":{"start":{"line":146,"column":41},"end":{"line":146,"column":62}},"line":146},"6":{"name":"(anonymous_6)","decl":{"start":{"line":151,"column":29},"end":{"line":151,"column":30}},"loc":{"start":{"line":151,"column":36},"end":{"line":157,"column":7}},"line":151},"7":{"name":"(anonymous_7)","decl":{"start":{"line":163,"column":32},"end":{"line":163,"column":33}},"loc":{"start":{"line":163,"column":39},"end":{"line":163,"column":60}},"line":163},"8":{"name":"formatApplicantRow","decl":{"start":{"line":198,"column":16},"end":{"line":198,"column":34}},"loc":{"start":{"line":198,"column":79},"end":{"line":207,"column":1}},"line":198},"9":{"name":"formatRelativeAge","decl":{"start":{"line":219,"column":16},"end":{"line":219,"column":33}},"loc":{"start":{"line":219,"column":87},"end":{"line":233,"column":1}},"line":219}},"branchMap":{"0":{"loc":{"start":{"line":129,"column":2},"end":{"line":166,"column":3}},"type":"switch","locations":[{"start":{"line":130,"column":4},"end":{"line":138,"column":5}},{"start":{"line":139,"column":4},"end":{"line":161,"column":5}},{"start":{"line":162,"column":4},"end":{"line":165,"column":5}}],"line":129},"1":{"loc":{"start":{"line":132,"column":6},"end":{"line":132,"column":55}},"type":"if","locations":[{"start":{"line":132,"column":6},"end":{"line":132,"column":55}},{"start":{},"end":{}}],"line":132},"2":{"loc":{"start":{"line":133,"column":6},"end":{"line":135,"column":7}},"type":"if","locations":[{"start":{"line":133,"column":6},"end":{"line":135,"column":7}},{"start":{},"end":{}}],"line":133},"3":{"loc":{"start":{"line":133,"column":10},"end":{"line":133,"column":90}},"type":"binary-expr","locations":[{"start":{"line":133,"column":10},"end":{"line":133,"column":46}},{"start":{"line":133,"column":50},"end":{"line":133,"column":90}}],"line":133},"4":{"loc":{"start":{"line":136,"column":6},"end":{"line":136,"column":65}},"type":"if","locations":[{"start":{"line":136,"column":6},"end":{"line":136,"column":65}},{"start":{},"end":{}}],"line":136},"5":{"loc":{"start":{"line":142,"column":8},"end":{"line":142,"column":88}},"type":"binary-expr","locations":[{"start":{"line":142,"column":8},"end":{"line":142,"column":44}},{"start":{"line":142,"column":48},"end":{"line":142,"column":88}}],"line":142},"6":{"loc":{"start":{"line":145,"column":6},"end":{"line":148,"column":7}},"type":"if","locations":[{"start":{"line":145,"column":6},"end":{"line":148,"column":7}},{"start":{},"end":{}}],"line":145},"7":{"loc":{"start":{"line":145,"column":10},"end":{"line":145,"column":39}},"type":"binary-expr","locations":[{"start":{"line":145,"column":10},"end":{"line":145,"column":23}},{"start":{"line":145,"column":27},"end":{"line":145,"column":39}}],"line":145},"8":{"loc":{"start":{"line":147,"column":15},"end":{"line":147,"column":58}},"type":"cond-expr","locations":[{"start":{"line":147,"column":46},"end":{"line":147,"column":51}},{"start":{"line":147,"column":54},"end":{"line":147,"column":58}}],"line":147},"9":{"loc":{"start":{"line":152,"column":8},"end":{"line":155,"column":9}},"type":"if","locations":[{"start":{"line":152,"column":8},"end":{"line":155,"column":9}},{"start":{},"end":{}}],"line":152},"10":{"loc":{"start":{"line":158,"column":6},"end":{"line":158,"column":31}},"type":"if","locations":[{"start":{"line":158,"column":6},"end":{"line":158,"column":31}},{"start":{},"end":{}}],"line":158},"11":{"loc":{"start":{"line":164,"column":13},"end":{"line":164,"column":56}},"type":"cond-expr","locations":[{"start":{"line":164,"column":44},"end":{"line":164,"column":49}},{"start":{"line":164,"column":52},"end":{"line":164,"column":56}}],"line":164},"12":{"loc":{"start":{"line":202,"column":18},"end":{"line":202,"column":42}},"type":"binary-expr","locations":[{"start":{"line":202,"column":18},"end":{"line":202,"column":35}},{"start":{"line":202,"column":39},"end":{"line":202,"column":42}}],"line":202},"13":{"loc":{"start":{"line":203,"column":10},"end":{"line":203,"column":25}},"type":"binary-expr","locations":[{"start":{"line":203,"column":10},"end":{"line":203,"column":18}},{"start":{"line":203,"column":22},"end":{"line":203,"column":25}}],"line":203},"14":{"loc":{"start":{"line":204,"column":21},"end":{"line":204,"column":89}},"type":"cond-expr","locations":[{"start":{"line":204,"column":47},"end":{"line":204,"column":67}},{"start":{"line":204,"column":70},"end":{"line":204,"column":89}}],"line":204},"15":{"loc":{"start":{"line":219,"column":53},"end":{"line":219,"column":77}},"type":"default-arg","locations":[{"start":{"line":219,"column":67},"end":{"line":219,"column":77}}],"line":219},"16":{"loc":{"start":{"line":221,"column":2},"end":{"line":221,"column":48}},"type":"if","locations":[{"start":{"line":221,"column":2},"end":{"line":221,"column":48}},{"start":{},"end":{}}],"line":221},"17":{"loc":{"start":{"line":224,"column":2},"end":{"line":224,"column":38}},"type":"if","locations":[{"start":{"line":224,"column":2},"end":{"line":224,"column":38}},{"start":{},"end":{}}],"line":224},"18":{"loc":{"start":{"line":226,"column":2},"end":{"line":226,"column":45}},"type":"if","locations":[{"start":{"line":226,"column":2},"end":{"line":226,"column":45}},{"start":{},"end":{}}],"line":226},"19":{"loc":{"start":{"line":228,"column":2},"end":{"line":228,"column":41}},"type":"if","locations":[{"start":{"line":228,"column":2},"end":{"line":228,"column":41}},{"start":{},"end":{}}],"line":228},"20":{"loc":{"start":{"line":230,"column":2},"end":{"line":230,"column":39}},"type":"if","locations":[{"start":{"line":230,"column":2},"end":{"line":230,"column":39}},{"start":{},"end":{}}],"line":230}},"s":{"0":1,"1":19,"2":2,"3":5,"4":14,"5":6,"6":1,"7":5,"8":1,"9":4,"10":3,"11":1,"12":3,"13":5,"14":5,"15":5,"16":3,"17":5,"18":3,"19":2,"20":2,"21":2,"22":1,"23":1,"24":1,"25":2,"26":1,"27":1,"28":3,"29":4,"30":3,"31":4,"32":7,"33":7,"34":1,"35":6,"36":6,"37":6,"38":2,"39":4,"40":4,"41":1,"42":3,"43":3,"44":1,"45":2,"46":2,"47":1,"48":1},"f":{"0":19,"1":2,"2":5,"3":14,"4":3,"5":5,"6":2,"7":4,"8":4,"9":7},"b":{"0":[6,5,3],"1":[1,5],"2":[1,4],"3":[5,5],"4":[1,3],"5":[5,5],"6":[3,2],"7":[5,3],"8":[0,3],"9":[1,1],"10":[1,1],"11":[1,2],"12":[4,2],"13":[4,2],"14":[2,2],"15":[0],"16":[1,6],"17":[2,4],"18":[1,3],"19":[1,2],"20":[1,1]},"_coverageSchema":"1a1c01bbd47fc00a2c39e90264f33305004495a9","hash":"df9d6dae179ecfa676a67bec12adda7d81cb1a88"}
,"/Users/skypie/MutualMesh/src/lib/messages/en.ts": {"path":"/Users/skypie/MutualMesh/src/lib/messages/en.ts","statementMap":{"0":{"start":{"line":18,"column":27},"end":{"line":216,"column":1}}},"fnMap":{},"branchMap":{},"s":{"0":1},"f":{},"b":{},"_coverageSchema":"1a1c01bbd47fc00a2c39e90264f33305004495a9","hash":"a5eeb157c9f9fdd939d4d31ad0ab36fc28b00de0"}
,"/Users/skypie/MutualMesh/src/lib/messages/es.ts": {"path":"/Users/skypie/MutualMesh/src/lib/messages/es.ts","statementMap":{"0":{"start":{"line":15,"column":27},"end":{"line":195,"column":1}}},"fnMap":{},"branchMap":{},"s":{"0":1},"f":{},"b":{},"_coverageSchema":"1a1c01bbd47fc00a2c39e90264f33305004495a9","hash":"34da3df84c8de9065301a2231ea9e3b83a7ae8c6"}
,"/Users/skypie/MutualMesh/src/lib/messages/fr.ts": {"path":"/Users/skypie/MutualMesh/src/lib/messages/fr.ts","statementMap":{"0":{"start":{"line":15,"column":27},"end":{"line":195,"column":1}}},"fnMap":{},"branchMap":{},"s":{"0":1},"f":{},"b":{},"_coverageSchema":"1a1c01bbd47fc00a2c39e90264f33305004495a9","hash":"5a4fff555f23a4a25d7dc3e96fca108ddab29061"}
}
