TN:
SF:src/components/Button.tsx
FN:19,Button
FN:37,variantToClasses
FN:51,labelClass
FNF:3
FNH:0
FNDA:0,Button
FNDA:0,variantToClasses
FNDA:0,labelClass
DA:20,0
DA:21,0
DA:38,0
DA:39,0
DA:41,0
DA:43,0
DA:45,0
DA:47,0
DA:52,0
DA:53,0
DA:55,0
DA:57,0
DA:59,0
DA:61,0
LF:14
LH:0
BRDA:19,0,0,0
BRDA:38,1,0,0
BRDA:38,1,1,0
BRDA:39,2,0,0
BRDA:39,2,1,0
BRDA:39,2,2,0
BRDA:39,2,3,0
BRDA:52,3,0,0
BRDA:52,3,1,0
BRDA:53,4,0,0
BRDA:53,4,1,0
BRDA:53,4,2,0
BRDA:53,4,3,0
BRF:13
BRH:0
end_of_record
TN:
SF:src/components/ErrorBoundary.tsx
FN:31,(anonymous_0)
FN:35,(anonymous_1)
FN:46,(anonymous_2)
FN:50,(anonymous_3)
FN:61,DefaultFallback
FNF:5
FNH:1
FNDA:2,(anonymous_0)
FNDA:0,(anonymous_1)
FNDA:0,(anonymous_2)
FNDA:0,(anonymous_3)
FNDA:0,DefaultFallback
DA:29,0
DA:32,2
DA:38,0
DA:43,0
DA:46,0
DA:47,0
DA:51,0
DA:52,0
DA:53,0
DA:55,0
DA:57,0
DA:62,0
LF:12
LH:1
BRDA:51,0,0,0
BRDA:51,0,1,0
BRDA:52,1,0,0
BRDA:52,1,1,0
BRF:4
BRH:0
end_of_record
TN:
SF:src/lib/categories.ts
FN:81,validateCategory
FN:102,matchesActiveFilter
FN:123,toggleCategoryInFilter
FN:134,(anonymous_3)
FNF:4
FNH:4
FNDA:32,validateCategory
FNDA:15,matchesActiveFilter
FNDA:8,toggleCategoryInFilter
FNDA:40,(anonymous_3)
DA:39,2
DA:52,2
DA:64,2
DA:82,32
DA:106,15
DA:107,10
DA:127,8
DA:128,8
DA:129,3
DA:131,5
DA:134,40
LF:11
LH:11
BRDA:106,0,0,5
BRDA:106,0,1,10
BRDA:128,1,0,3
BRDA:128,1,1,5
BRF:4
BRH:4
end_of_record
TN:
SF:src/lib/categoryStorage.ts
FN:36,getStorage
FN:51,parseStoredFilter
FN:68,(anonymous_2)
FN:78,serializeFilter
FN:80,(anonymous_4)
FN:88,loadFilterFromStorage
FN:102,saveFilterToStorage
FNF:7
FNH:4
FNDA:0,getStorage
FNDA:16,parseStoredFilter
FNDA:45,(anonymous_2)
FNDA:8,serializeFilter
FNDA:40,(anonymous_4)
FNDA:0,loadFilterFromStorage
FNDA:0,saveFilterToStorage
DA:38,0
DA:39,0
DA:42,1
DA:52,16
DA:54,15
DA:55,15
DA:57,3
DA:59,12
DA:60,9
DA:61,9
DA:62,28
DA:63,23
DA:64,22
DA:68,45
DA:79,8
DA:80,40
DA:81,8
DA:89,0
DA:90,0
DA:91,0
DA:93,0
DA:103,0
DA:104,0
LF:23
LH:15
BRDA:39,0,0,0
BRDA:39,0,1,0
BRDA:52,1,0,1
BRDA:52,1,1,15
BRDA:52,2,0,16
BRDA:52,2,1,15
BRDA:59,3,0,3
BRDA:59,3,1,9
BRDA:62,4,0,5
BRDA:62,4,1,23
BRDA:63,5,0,22
BRDA:63,5,1,1
BRF:12
BRH:10
end_of_record
TN:
SF:src/lib/contactHandle.ts
FN:37,validateContactHandle
FN:53,validationFailureMessage
FN:73,classifyContactHandle
FNF:3
FNH:3
FNDA:18,validateContactHandle
FNDA:3,validationFailureMessage
FNDA:12,classifyContactHandle
DA:15,1
DA:23,1
DA:38,18
DA:39,18
DA:40,16
DA:41,1
DA:43,15
DA:44,11
DA:46,4
DA:54,3
DA:56,1
DA:58,1
DA:60,1
DA:74,12
DA:75,12
DA:76,10
DA:77,7
DA:78,5
DA:79,2
LF:19
LH:19
BRDA:39,0,0,2
BRDA:39,0,1,16
BRDA:40,1,0,1
BRDA:40,1,1,15
BRDA:43,2,0,11
BRDA:43,2,1,4
BRDA:54,3,0,1
BRDA:54,3,1,1
BRDA:54,3,2,1
BRDA:75,4,0,2
BRDA:75,4,1,10
BRDA:76,5,0,3
BRDA:76,5,1,7
BRDA:77,6,0,2
BRDA:77,6,1,5
BRDA:77,7,0,7
BRDA:77,7,1,5
BRDA:78,8,0,3
BRDA:78,8,1,2
BRF:19
BRH:19
end_of_record
TN:
SF:src/lib/errorReporting.ts
FN:64,getStorage
FN:206,stripPii
FN:228,normalizePlatform
FN:239,getAppVersion
FN:261,resolveLogErrorUrl
FN:279,getErrorReportingOptIn
FN:294,setErrorReportingOptIn
FN:311,extractErrorParts
FN:347,logError
FNF:9
FNH:4
FNDA:0,getStorage
FNDA:38,stripPii
FNDA:6,normalizePlatform
FNDA:0,getAppVersion
FNDA:5,resolveLogErrorUrl
FNDA:0,getErrorReportingOptIn
FNDA:0,setErrorReportingOptIn
FNDA:6,extractErrorParts
FNDA:0,logError
DA:43,2
DA:46,2
DA:49,2
DA:50,2
DA:66,0
DA:67,0
DA:80,2
DA:81,2
DA:82,2
DA:83,2
DA:99,2
DA:207,38
DA:208,35
DA:209,35
DA:213,245
DA:214,245
DA:216,35
DA:229,6
DA:230,4
DA:241,0
DA:245,0
DA:262,5
DA:263,5
DA:264,4
DA:265,4
DA:266,2
DA:268,2
DA:280,0
DA:281,0
DA:282,0
DA:283,0
DA:285,0
DA:295,0
DA:296,0
DA:312,6
DA:313,1
DA:318,5
DA:319,1
DA:321,4
DA:322,2
DA:323,2
DA:324,2
DA:329,2
DA:351,0
DA:352,0
DA:353,0
DA:355,0
DA:356,0
DA:358,0
DA:363,0
DA:364,0
DA:366,0
DA:374,0
DA:380,0
LF:54
LH:32
BRDA:67,0,0,0
BRDA:67,0,1,0
BRDA:207,1,0,3
BRDA:207,1,1,35
BRDA:207,2,0,38
BRDA:207,2,1,36
BRDA:229,3,0,2
BRDA:229,3,1,4
BRDA:229,4,0,6
BRDA:229,4,1,5
BRDA:241,5,0,0
BRDA:241,5,1,0
BRDA:241,5,2,0
BRDA:263,6,0,1
BRDA:263,6,1,4
BRDA:263,7,0,5
BRDA:263,7,1,1
BRDA:265,8,0,2
BRDA:265,8,1,2
BRDA:265,9,0,4
BRDA:265,9,1,2
BRDA:282,10,0,0
BRDA:282,10,1,0
BRDA:296,11,0,0
BRDA:296,11,1,0
BRDA:312,12,0,1
BRDA:312,12,1,5
BRDA:314,13,0,1
BRDA:314,13,1,0
BRDA:315,14,0,1
BRDA:315,14,1,0
BRDA:318,15,0,1
BRDA:318,15,1,4
BRDA:321,16,0,2
BRDA:321,16,1,2
BRDA:321,17,0,4
BRDA:321,17,1,2
BRDA:321,17,2,2
BRDA:325,18,0,1
BRDA:325,18,1,1
BRDA:325,19,0,1
BRDA:325,19,1,0
BRDA:326,20,0,1
BRDA:326,20,1,1
BRDA:329,21,0,2
BRDA:329,21,1,2
BRDA:349,22,0,0
BRDA:353,23,0,0
BRDA:353,23,1,0
BRDA:356,24,0,0
BRDA:356,24,1,0
BRDA:374,25,0,0
BRDA:374,25,1,0
BRDA:388,26,0,0
BRDA:388,26,1,0
BRF:55
BRH:34
end_of_record
TN:
SF:src/lib/errors.ts
FN:9,errorMessage
FN:22,userFacingErrorMessage
FNF:2
FNH:2
FNDA:27,errorMessage
FNDA:13,userFacingErrorMessage
DA:10,27
DA:11,13
DA:12,12
DA:13,1
DA:15,11
DA:23,13
DA:25,13
DA:26,2
LF:8
LH:8
BRDA:10,0,0,14
BRDA:10,0,1,13
BRDA:11,1,0,1
BRDA:11,1,1,12
BRDA:12,2,0,1
BRDA:12,2,1,11
BRDA:12,3,0,12
BRDA:12,3,1,9
BRDA:12,3,2,7
BRDA:12,3,3,4
BRDA:22,4,0,12
BRDA:25,5,0,11
BRDA:25,5,1,2
BRF:13
BRH:13
end_of_record
TN:
SF:src/lib/fsaAggregation.ts
FN:54,fsaCountToBucket
FN:136,extractFsa
FN:152,extractCategory
FN:171,pickDominant
FN:202,groupResourcesByFSA
FN:238,(anonymous_5)
FN:255,(anonymous_6)
FN:272,fsaAccessibilityLabel
FN:291,fsaMapSummary
FNF:9
FNH:9
FNDA:31,fsaCountToBucket
FNDA:533,extractFsa
FNDA:529,extractCategory
FNDA:18,pickDominant
FNDA:15,groupResourcesByFSA
FNDA:90,(anonymous_5)
FNDA:12,(anonymous_6)
FNDA:2,fsaAccessibilityLabel
FNDA:4,fsaMapSummary
DA:55,31
DA:56,26
DA:57,16
DA:58,9
DA:68,1
DA:118,1
DA:137,533
DA:138,533
DA:139,532
DA:140,532
DA:141,529
DA:155,529
DA:156,529
DA:157,529
DA:158,529
DA:161,0
DA:172,18
DA:173,18
DA:174,18
DA:175,90
DA:176,90
DA:177,34
DA:178,34
DA:181,18
DA:205,15
DA:213,12
DA:215,12
DA:216,535
DA:217,533
DA:218,533
DA:220,529
DA:221,529
DA:226,529
DA:227,529
DA:228,529
DA:229,527
DA:231,529
DA:234,12
DA:235,12
DA:236,18
DA:238,90
DA:241,18
DA:242,18
DA:244,18
DA:255,12
DA:256,12
DA:273,2
DA:274,2
DA:275,2
DA:292,4
DA:293,4
DA:294,3
DA:295,1
LF:53
LH:52
BRDA:55,0,0,5
BRDA:55,0,1,26
BRDA:55,1,0,31
BRDA:55,1,1,29
BRDA:56,2,0,10
BRDA:56,2,1,16
BRDA:57,3,0,7
BRDA:57,3,1,9
BRDA:138,4,0,1
BRDA:138,4,1,532
BRDA:140,5,0,3
BRDA:140,5,1,529
BRDA:156,6,0,529
BRDA:156,6,1,0
BRDA:157,7,0,529
BRDA:157,7,1,0
BRDA:175,8,0,90
BRDA:175,8,1,68
BRDA:176,9,0,34
BRDA:176,9,1,56
BRDA:205,10,0,3
BRDA:205,10,1,12
BRDA:205,11,0,15
BRDA:205,11,1,13
BRDA:216,12,0,2
BRDA:216,12,1,533
BRDA:218,13,0,4
BRDA:218,13,1,529
BRDA:221,14,0,529
BRDA:221,14,1,18
BRDA:227,15,0,529
BRDA:227,15,1,22
BRDA:228,16,0,527
BRDA:228,16,1,2
BRDA:228,17,0,529
BRDA:228,17,1,527
BRDA:238,18,0,90
BRDA:238,18,1,68
BRDA:242,19,0,1
BRDA:242,19,1,17
BRDA:242,20,0,17
BRDA:242,20,1,0
BRDA:274,21,0,1
BRDA:274,21,1,1
BRDA:293,22,0,1
BRDA:293,22,1,3
BRDA:294,23,0,2
BRDA:294,23,1,1
BRF:48
BRH:45
end_of_record
TN:
SF:src/lib/handleGenerator.ts
FN:344,randomFourDigits
FN:349,pick
FN:363,generateRandomHandle
FN:371,generateHandleSuggestions
FNF:4
FNH:4
FNDA:472,randomFourDigits
FNDA:944,pick
FNDA:472,generateRandomHandle
FNDA:6,generateHandleSuggestions
DA:25,1
DA:187,1
DA:345,472
DA:346,472
DA:350,944
DA:352,944
DA:353,944
DA:354,944
DA:364,472
DA:372,6
DA:373,6
DA:374,22
DA:376,6
LF:13
LH:13
BRDA:353,0,0,0
BRDA:353,0,1,944
BRDA:371,1,0,1
BRF:3
BRH:2
end_of_record
TN:
SF:src/lib/handleValidator.ts
FN:164,validateHandle
FN:186,looksLikeRealName
FN:196,handleFailureMessage
FN:214,realNameWarningMessage
FNF:4
FNH:4
FNDA:39,validateHandle
FNDA:29,looksLikeRealName
FNDA:5,handleFailureMessage
FNDA:1,realNameWarningMessage
DA:19,1
DA:20,1
DA:25,1
DA:29,1
DA:58,1
DA:165,39
DA:167,39
DA:168,37
DA:169,36
DA:170,35
DA:171,29
DA:175,18
DA:176,6
DA:179,12
DA:187,29
DA:189,29
DA:190,20
DA:197,5
DA:199,1
DA:201,1
DA:203,1
DA:205,1
DA:207,1
DA:215,1
LF:24
LH:24
BRDA:167,0,0,2
BRDA:167,0,1,37
BRDA:168,1,0,1
BRDA:168,1,1,36
BRDA:169,2,0,1
BRDA:169,2,1,35
BRDA:170,3,0,6
BRDA:170,3,1,29
BRDA:171,4,0,11
BRDA:171,4,1,18
BRDA:175,5,0,6
BRDA:175,5,1,12
BRDA:189,6,0,9
BRDA:189,6,1,20
BRDA:189,7,0,29
BRDA:189,7,1,24
BRDA:197,8,0,1
BRDA:197,8,1,1
BRDA:197,8,2,1
BRDA:197,8,3,1
BRDA:197,8,4,1
BRF:21
BRH:21
end_of_record
TN:
SF:src/lib/i18n.ts
FN:68,getMessages
FN:91,selectLocale
FN:123,findMissingKeys
FN:142,validateAllCatalogs
FNF:4
FNH:4
FNDA:3,getMessages
FNDA:22,selectLocale
FNDA:8,findMissingKeys
FNDA:1,validateAllCatalogs
DA:26,1
DA:29,1
DA:36,1
DA:56,1
DA:69,3
DA:97,22
DA:98,3
DA:102,19
DA:103,15
DA:104,15
DA:105,10
DA:110,9
DA:127,8
DA:128,8
DA:129,551
DA:130,4
DA:133,8
DA:143,1
DA:144,1
DA:145,1
DA:146,3
DA:147,2
DA:148,2
DA:149,0
DA:152,1
DA:163,1
LF:26
LH:25
BRDA:69,0,0,3
BRDA:69,0,1,0
BRDA:94,1,0,20
BRDA:97,2,0,3
BRDA:97,2,1,19
BRDA:97,3,0,22
BRDA:97,3,1,5
BRDA:102,4,0,15
BRDA:102,4,1,4
BRDA:104,5,0,10
BRDA:104,5,1,5
BRDA:104,6,0,15
BRDA:104,6,1,15
BRDA:129,7,0,4
BRDA:129,7,1,547
BRDA:129,8,0,551
BRDA:129,8,1,547
BRDA:146,9,0,1
BRDA:146,9,1,2
BRDA:147,10,0,2
BRDA:147,10,1,0
BRDA:148,11,0,0
BRDA:148,11,1,2
BRF:23
BRH:20
end_of_record
TN:
SF:src/lib/mapHelpers.ts
FN:86,clampRegionZoom
FN:114,regionForDescriptors
FN:155,regionsAreClose
FNF:3
FNH:3
FNDA:5,clampRegionZoom
FNDA:6,regionForDescriptors
FNDA:5,regionsAreClose
DA:43,1
DA:58,1
DA:65,1
DA:74,1
DA:87,5
DA:88,1
DA:90,4
DA:118,6
DA:120,5
DA:121,5
DA:122,7
DA:123,7
DA:126,5
DA:128,4
DA:129,4
DA:130,4
DA:131,4
DA:133,4
DA:134,5
DA:135,5
DA:136,5
DA:137,5
DA:140,4
DA:141,4
DA:143,4
DA:156,5
DA:175,1
DA:207,1
DA:217,1
DA:227,1
DA:228,1
LF:31
LH:31
BRDA:87,0,0,1
BRDA:87,0,1,4
BRDA:87,1,0,5
BRDA:87,1,1,2
BRDA:118,2,0,1
BRDA:118,2,1,5
BRDA:123,3,0,5
BRDA:123,3,1,2
BRDA:126,4,0,1
BRDA:126,4,1,4
BRDA:134,5,0,0
BRDA:134,5,1,5
BRDA:135,6,0,1
BRDA:135,6,1,4
BRDA:136,7,0,0
BRDA:136,7,1,5
BRDA:137,8,0,1
BRDA:137,8,1,4
BRDA:155,9,0,3
BRDA:157,10,0,5
BRDA:157,10,1,3
BRDA:157,10,2,3
BRDA:157,10,3,3
BRF:23
BRH:21
end_of_record
TN:
SF:src/lib/onboardingCopy.ts
FNF:0
FNH:0
DA:42,1
DA:70,1
LF:2
LH:2
BRF:0
BRH:0
end_of_record
TN:
SF:src/lib/pickupConfirm.ts
FN:29,canConfirm
FN:51,getConfirmButtonCopy
FN:69,getConfirmButtonHint
FNF:3
FNH:3
FNDA:20,canConfirm
FNDA:8,getConfirmButtonCopy
FNDA:2,getConfirmButtonHint
DA:33,20
DA:34,9
DA:35,5
DA:36,3
DA:55,8
DA:56,3
DA:57,2
DA:59,1
DA:60,0
DA:70,2
DA:71,1
DA:73,1
LF:12
LH:11
BRDA:33,0,0,11
BRDA:33,0,1,9
BRDA:34,1,0,4
BRDA:34,1,1,5
BRDA:35,2,0,2
BRDA:35,2,1,3
BRDA:35,3,0,5
BRDA:35,3,1,4
BRDA:55,4,0,5
BRDA:55,4,1,3
BRDA:56,5,0,2
BRDA:56,5,1,1
BRDA:56,6,0,3
BRDA:56,6,1,3
BRDA:59,7,0,1
BRDA:59,7,1,0
BRDA:70,8,0,1
BRDA:70,8,1,1
BRF:18
BRH:17
end_of_record
TN:
SF:src/lib/policyText.ts
FNF:0
FNH:0
DA:27,1
DA:125,1
LF:2
LH:2
BRF:0
BRH:0
end_of_record
TN:
SF:src/lib/pushPreferences.ts
FN:85,mergePushPreferences
FN:119,hasAnyTriggerEnabled
FN:130,shouldDeliverFor
FN:144,disableAllPushPreferences
FNF:4
FNH:4
FNDA:8,mergePushPreferences
FNDA:7,hasAnyTriggerEnabled
FNDA:17,shouldDeliverFor
FNDA:3,disableAllPushPreferences
DA:29,1
DA:41,1
DA:54,1
DA:65,1
DA:89,8
DA:90,8
DA:92,6
DA:100,6
DA:101,3
DA:102,3
DA:103,3
DA:104,3
DA:107,6
DA:120,7
DA:121,7
DA:122,3
DA:134,17
DA:135,17
DA:136,5
DA:145,3
LF:20
LH:20
BRDA:89,0,0,8
BRDA:89,0,1,4
BRDA:90,1,0,2
BRDA:90,1,1,6
BRDA:100,2,0,3
BRDA:100,2,1,3
BRDA:120,3,0,7
BRDA:120,3,1,2
BRDA:121,4,0,4
BRDA:121,4,1,3
BRDA:122,5,0,3
BRDA:122,5,1,1
BRDA:122,5,2,1
BRDA:122,5,3,1
BRDA:134,6,0,17
BRDA:134,6,1,8
BRDA:135,7,0,12
BRDA:135,7,1,5
BRF:18
BRH:18
end_of_record
TN:
SF:src/lib/resourcesRealtime.ts
FN:44,applyResourceDelta
FN:50,(anonymous_1)
FN:54,(anonymous_2)
FN:64,(anonymous_3)
FN:75,applyResourceDeltas
FN:79,(anonymous_5)
FN:87,filterAvailable
FN:88,(anonymous_7)
FN:95,sortByNewest
FN:99,(anonymous_9)
FN:104,(anonymous_10)
FNF:11
FNH:11
FNDA:10,applyResourceDelta
FNDA:3,(anonymous_1)
FNDA:5,(anonymous_2)
FNDA:6,(anonymous_3)
FNDA:2,applyResourceDeltas
FNDA:4,(anonymous_5)
FNDA:7,filterAvailable
FNDA:11,(anonymous_7)
FNDA:6,sortByNewest
FNDA:14,(anonymous_9)
FNDA:7,(anonymous_10)
DA:48,10
DA:50,4
DA:51,3
DA:53,3
DA:54,3
DA:55,5
DA:56,2
DA:57,2
DA:59,3
DA:61,3
DA:64,6
DA:65,3
DA:79,4
DA:82,1
DA:88,11
DA:99,6
DA:100,14
DA:101,11
DA:102,11
DA:104,7
LF:20
LH:20
BRDA:48,0,0,4
BRDA:48,0,1,3
BRDA:48,0,2,3
BRDA:50,1,0,1
BRDA:50,1,1,3
BRDA:55,2,0,2
BRDA:55,2,1,3
BRDA:61,3,0,2
BRDA:61,3,1,1
BRDA:65,4,0,1
BRDA:65,4,1,2
BRDA:100,5,0,3
BRDA:100,5,1,11
BRDA:102,6,0,10
BRDA:102,6,1,1
BRF:15
BRH:15
end_of_record
TN:
SF:src/lib/theme.ts
FN:85,paletteFor
FNF:1
FNH:0
FNDA:0,paletteFor
DA:15,1
DA:46,1
DA:52,1
DA:61,1
DA:73,1
DA:80,1
DA:86,0
LF:7
LH:6
BRF:0
BRH:0
end_of_record
TN:
SF:src/lib/typedConfirmation.ts
FN:43,typedConfirmationMatches
FN:58,typedConfirmationPrompt
FNF:2
FNH:2
FNDA:18,typedConfirmationMatches
FNDA:3,typedConfirmationPrompt
DA:48,18
DA:49,18
DA:50,4
DA:59,3
LF:4
LH:4
BRDA:46,0,0,14
BRDA:48,1,0,14
BRDA:49,2,0,14
BRDA:49,2,1,4
BRF:4
BRH:4
end_of_record
TN:
SF:src/lib/verification.ts
FN:53,routeForGate
FN:63,describeGate
FN:97,isProfilePending
FN:110,decideGateRoute
FNF:4
FNH:4
FNDA:12,routeForGate
FNDA:4,describeGate
FNDA:11,isProfilePending
FNDA:15,decideGateRoute
DA:54,12
DA:55,8
DA:56,6
DA:64,4
DA:65,4
DA:66,3
DA:67,2
DA:68,1
DA:70,1
DA:98,11
DA:111,15
DA:112,11
DA:113,10
DA:114,9
DA:115,7
DA:116,2
LF:16
LH:16
BRDA:54,0,0,4
BRDA:54,0,1,8
BRDA:55,1,0,2
BRDA:55,1,1,6
BRDA:65,2,0,1
BRDA:65,2,1,3
BRDA:66,3,0,2
BRDA:66,3,1,1
BRDA:67,4,0,1
BRDA:67,4,1,1
BRDA:111,5,0,4
BRDA:111,5,1,11
BRDA:112,6,0,1
BRDA:112,6,1,10
BRDA:113,7,0,1
BRDA:113,7,1,9
BRDA:114,8,0,2
BRDA:114,8,1,7
BRDA:115,9,0,5
BRDA:115,9,1,2
BRF:20
BRH:20
end_of_record
TN:
SF:src/lib/verificationQueue.ts
FN:77,isQueueEligibleHandle
FN:88,filterQueueEligible
FN:89,(anonymous_2)
FN:125,applyVerificationDelta
FN:136,(anonymous_4)
FN:146,(anonymous_5)
FN:151,(anonymous_6)
FN:163,(anonymous_7)
FN:198,formatApplicantRow
FN:219,formatRelativeAge
FNF:10
FNH:10
FNDA:19,isQueueEligibleHandle
FNDA:2,filterQueueEligible
FNDA:5,(anonymous_2)
FNDA:14,applyVerificationDelta
FNDA:3,(anonymous_4)
FNDA:5,(anonymous_5)
FNDA:2,(anonymous_6)
FNDA:4,(anonymous_7)
FNDA:4,formatApplicantRow
FNDA:7,formatRelativeAge
DA:39,1
DA:78,19
DA:89,5
DA:129,14
DA:132,6
DA:133,5
DA:134,1
DA:136,4
DA:137,3
DA:140,5
DA:142,5
DA:145,5
DA:146,5
DA:147,3
DA:150,2
DA:151,2
DA:152,2
DA:153,1
DA:154,1
DA:156,1
DA:158,2
DA:160,1
DA:163,4
DA:164,3
DA:199,4
DA:220,7
DA:221,7
DA:222,6
DA:223,6
DA:224,6
DA:225,4
DA:226,4
DA:227,3
DA:228,3
DA:229,2
DA:230,2
DA:232,1
LF:37
LH:37
BRDA:129,0,0,6
BRDA:129,0,1,5
BRDA:129,0,2,3
BRDA:132,1,0,1
BRDA:132,1,1,5
BRDA:133,2,0,1
BRDA:133,2,1,4
BRDA:133,3,0,5
BRDA:133,3,1,5
BRDA:136,4,0,1
BRDA:136,4,1,3
BRDA:142,5,0,5
BRDA:142,5,1,5
BRDA:145,6,0,3
BRDA:145,6,1,2
BRDA:145,7,0,5
BRDA:145,7,1,3
BRDA:147,8,0,0
BRDA:147,8,1,3
BRDA:152,9,0,1
BRDA:152,9,1,1
BRDA:158,10,0,1
BRDA:158,10,1,1
BRDA:164,11,0,1
BRDA:164,11,1,2
BRDA:202,12,0,4
BRDA:202,12,1,2
BRDA:203,13,0,4
BRDA:203,13,1,2
BRDA:204,14,0,2
BRDA:204,14,1,2
BRDA:219,15,0,0
BRDA:221,16,0,1
BRDA:221,16,1,6
BRDA:224,17,0,2
BRDA:224,17,1,4
BRDA:226,18,0,1
BRDA:226,18,1,3
BRDA:228,19,0,1
BRDA:228,19,1,2
BRDA:230,20,0,1
BRDA:230,20,1,1
BRF:42
BRH:40
end_of_record
TN:
SF:src/lib/messages/en.ts
FNF:0
FNH:0
DA:18,1
LF:1
LH:1
BRF:0
BRH:0
end_of_record
TN:
SF:src/lib/messages/es.ts
FNF:0
FNH:0
DA:15,1
LF:1
LH:1
BRF:0
BRH:0
end_of_record
TN:
SF:src/lib/messages/fr.ts
FNF:0
FNH:0
DA:15,1
LF:1
LH:1
BRF:0
BRH:0
end_of_record
